Performing C SOURCE FILE Test CMAKE_HAVE_LIBC_PTHREAD failed with the following output:
Change Dir: /home/corso/ws_moveit/src/maze_runner/build/CMakeFiles/CMakeTmp

Run Build Command(s):/usr/bin/make cmTC_3fa6e/fast && /usr/bin/make -f CMakeFiles/cmTC_3fa6e.dir/build.make CMakeFiles/cmTC_3fa6e.dir/build
make[1]: Entering directory '/home/corso/ws_moveit/src/maze_runner/build/CMakeFiles/CMakeTmp'
Building C object CMakeFiles/cmTC_3fa6e.dir/src.c.o
/usr/bin/cc   -DCMAKE_HAVE_LIBC_PTHREAD   -o CMakeFiles/cmTC_3fa6e.dir/src.c.o   -c /home/corso/ws_moveit/src/maze_runner/build/CMakeFiles/CMakeTmp/src.c
Linking C executable cmTC_3fa6e
/usr/bin/cmake -E cmake_link_script CMakeFiles/cmTC_3fa6e.dir/link.txt --verbose=1
/usr/bin/cc  -DCMAKE_HAVE_LIBC_PTHREAD    -rdynamic CMakeFiles/cmTC_3fa6e.dir/src.c.o  -o cmTC_3fa6e 
/usr/bin/ld: CMakeFiles/cmTC_3fa6e.dir/src.c.o: in function `main':
src.c:(.text+0x46): undefined reference to `pthread_create'
/usr/bin/ld: src.c:(.text+0x52): undefined reference to `pthread_detach'
/usr/bin/ld: src.c:(.text+0x63): undefined reference to `pthread_join'
collect2: error: ld returned 1 exit status
make[1]: *** [CMakeFiles/cmTC_3fa6e.dir/build.make:87: cmTC_3fa6e] Error 1
make[1]: Leaving directory '/home/corso/ws_moveit/src/maze_runner/build/CMakeFiles/CMakeTmp'
make: *** [Makefile:121: cmTC_3fa6e/fast] Error 2


Source file was:
#include <pthread.h>

void* test_func(void* data)
{
  return data;
}

int main(void)
{
  pthread_t thread;
  pthread_create(&thread, NULL, test_func, NULL);
  pthread_detach(thread);
  pthread_join(thread, NULL);
  pthread_atfork(NULL, NULL, NULL);
  pthread_exit(NULL);

  return 0;
}

Determining if the function pthread_create exists in the pthreads failed with the following output:
Change Dir: /home/corso/ws_moveit/src/maze_runner/build/CMakeFiles/CMakeTmp

Run Build Command(s):/usr/bin/make cmTC_e662d/fast && /usr/bin/make -f CMakeFiles/cmTC_e662d.dir/build.make CMakeFiles/cmTC_e662d.dir/build
make[1]: Entering directory '/home/corso/ws_moveit/src/maze_runner/build/CMakeFiles/CMakeTmp'
Building C object CMakeFiles/cmTC_e662d.dir/CheckFunctionExists.c.o
/usr/bin/cc   -DCHECK_FUNCTION_EXISTS=pthread_create   -o CMakeFiles/cmTC_e662d.dir/CheckFunctionExists.c.o   -c /usr/share/cmake-3.16/Modules/CheckFunctionExists.c
Linking C executable cmTC_e662d
/usr/bin/cmake -E cmake_link_script CMakeFiles/cmTC_e662d.dir/link.txt --verbose=1
/usr/bin/cc  -DCHECK_FUNCTION_EXISTS=pthread_create    -rdynamic CMakeFiles/cmTC_e662d.dir/CheckFunctionExists.c.o  -o cmTC_e662d  -lpthreads 
/usr/bin/ld: cannot find -lpthreads
collect2: error: ld returned 1 exit status
make[1]: *** [CMakeFiles/cmTC_e662d.dir/build.make:87: cmTC_e662d] Error 1
make[1]: Leaving directory '/home/corso/ws_moveit/src/maze_runner/build/CMakeFiles/CMakeTmp'
make: *** [Makefile:121: cmTC_e662d/fast] Error 2



Performing C SOURCE FILE Test CMAKE_HAVE_LIBC_PTHREAD failed with the following output:
Change Dir: /home/corso/ws_moveit/src/maze_runner/build/CMakeFiles/CMakeTmp

Run Build Command(s):/usr/bin/make cmTC_9d69d/fast && /usr/bin/make -f CMakeFiles/cmTC_9d69d.dir/build.make CMakeFiles/cmTC_9d69d.dir/build
make[1]: Entering directory '/home/corso/ws_moveit/src/maze_runner/build/CMakeFiles/CMakeTmp'
Building C object CMakeFiles/cmTC_9d69d.dir/src.c.o
/usr/bin/cc   -DCMAKE_HAVE_LIBC_PTHREAD   -o CMakeFiles/cmTC_9d69d.dir/src.c.o   -c /home/corso/ws_moveit/src/maze_runner/build/CMakeFiles/CMakeTmp/src.c
Linking C executable cmTC_9d69d
/usr/bin/cmake -E cmake_link_script CMakeFiles/cmTC_9d69d.dir/link.txt --verbose=1
/usr/bin/cc  -DCMAKE_HAVE_LIBC_PTHREAD    -rdynamic CMakeFiles/cmTC_9d69d.dir/src.c.o  -o cmTC_9d69d 
/usr/bin/ld: CMakeFiles/cmTC_9d69d.dir/src.c.o: in function `main':
src.c:(.text+0x46): undefined reference to `pthread_create'
/usr/bin/ld: src.c:(.text+0x52): undefined reference to `pthread_detach'
/usr/bin/ld: src.c:(.text+0x63): undefined reference to `pthread_join'
collect2: error: ld returned 1 exit status
make[1]: *** [CMakeFiles/cmTC_9d69d.dir/build.make:87: cmTC_9d69d] Error 1
make[1]: Leaving directory '/home/corso/ws_moveit/src/maze_runner/build/CMakeFiles/CMakeTmp'
make: *** [Makefile:121: cmTC_9d69d/fast] Error 2


Source file was:
#include <pthread.h>

void* test_func(void* data)
{
  return data;
}

int main(void)
{
  pthread_t thread;
  pthread_create(&thread, NULL, test_func, NULL);
  pthread_detach(thread);
  pthread_join(thread, NULL);
  pthread_atfork(NULL, NULL, NULL);
  pthread_exit(NULL);

  return 0;
}

Determining if the function pthread_create exists in the pthreads failed with the following output:
Change Dir: /home/corso/ws_moveit/src/maze_runner/build/CMakeFiles/CMakeTmp

Run Build Command(s):/usr/bin/make cmTC_6c169/fast && /usr/bin/make -f CMakeFiles/cmTC_6c169.dir/build.make CMakeFiles/cmTC_6c169.dir/build
make[1]: Entering directory '/home/corso/ws_moveit/src/maze_runner/build/CMakeFiles/CMakeTmp'
Building C object CMakeFiles/cmTC_6c169.dir/CheckFunctionExists.c.o
/usr/bin/cc   -DCHECK_FUNCTION_EXISTS=pthread_create   -o CMakeFiles/cmTC_6c169.dir/CheckFunctionExists.c.o   -c /usr/share/cmake-3.16/Modules/CheckFunctionExists.c
Linking C executable cmTC_6c169
/usr/bin/cmake -E cmake_link_script CMakeFiles/cmTC_6c169.dir/link.txt --verbose=1
/usr/bin/cc  -DCHECK_FUNCTION_EXISTS=pthread_create    -rdynamic CMakeFiles/cmTC_6c169.dir/CheckFunctionExists.c.o  -o cmTC_6c169  -lpthreads 
/usr/bin/ld: cannot find -lpthreads
collect2: error: ld returned 1 exit status
make[1]: *** [CMakeFiles/cmTC_6c169.dir/build.make:87: cmTC_6c169] Error 1
make[1]: Leaving directory '/home/corso/ws_moveit/src/maze_runner/build/CMakeFiles/CMakeTmp'
make: *** [Makefile:121: cmTC_6c169/fast] Error 2



Performing C SOURCE FILE Test CMAKE_HAVE_LIBC_PTHREAD failed with the following output:
Change Dir: /home/corso/ws_moveit/src/maze_runner/build/CMakeFiles/CMakeTmp

Run Build Command(s):/usr/bin/make cmTC_12977/fast && /usr/bin/make -f CMakeFiles/cmTC_12977.dir/build.make CMakeFiles/cmTC_12977.dir/build
make[1]: Entering directory '/home/corso/ws_moveit/src/maze_runner/build/CMakeFiles/CMakeTmp'
Building C object CMakeFiles/cmTC_12977.dir/src.c.o
/usr/bin/cc   -DCMAKE_HAVE_LIBC_PTHREAD   -o CMakeFiles/cmTC_12977.dir/src.c.o   -c /home/corso/ws_moveit/src/maze_runner/build/CMakeFiles/CMakeTmp/src.c
Linking C executable cmTC_12977
/usr/bin/cmake -E cmake_link_script CMakeFiles/cmTC_12977.dir/link.txt --verbose=1
/usr/bin/cc  -DCMAKE_HAVE_LIBC_PTHREAD    -rdynamic CMakeFiles/cmTC_12977.dir/src.c.o  -o cmTC_12977 
/usr/bin/ld: CMakeFiles/cmTC_12977.dir/src.c.o: in function `main':
src.c:(.text+0x46): undefined reference to `pthread_create'
/usr/bin/ld: src.c:(.text+0x52): undefined reference to `pthread_detach'
/usr/bin/ld: src.c:(.text+0x63): undefined reference to `pthread_join'
collect2: error: ld returned 1 exit status
make[1]: *** [CMakeFiles/cmTC_12977.dir/build.make:87: cmTC_12977] Error 1
make[1]: Leaving directory '/home/corso/ws_moveit/src/maze_runner/build/CMakeFiles/CMakeTmp'
make: *** [Makefile:121: cmTC_12977/fast] Error 2


Source file was:
#include <pthread.h>

void* test_func(void* data)
{
  return data;
}

int main(void)
{
  pthread_t thread;
  pthread_create(&thread, NULL, test_func, NULL);
  pthread_detach(thread);
  pthread_join(thread, NULL);
  pthread_atfork(NULL, NULL, NULL);
  pthread_exit(NULL);

  return 0;
}

Determining if the function pthread_create exists in the pthreads failed with the following output:
Change Dir: /home/corso/ws_moveit/src/maze_runner/build/CMakeFiles/CMakeTmp

Run Build Command(s):/usr/bin/make cmTC_b63b2/fast && /usr/bin/make -f CMakeFiles/cmTC_b63b2.dir/build.make CMakeFiles/cmTC_b63b2.dir/build
make[1]: Entering directory '/home/corso/ws_moveit/src/maze_runner/build/CMakeFiles/CMakeTmp'
Building C object CMakeFiles/cmTC_b63b2.dir/CheckFunctionExists.c.o
/usr/bin/cc   -DCHECK_FUNCTION_EXISTS=pthread_create   -o CMakeFiles/cmTC_b63b2.dir/CheckFunctionExists.c.o   -c /usr/share/cmake-3.16/Modules/CheckFunctionExists.c
Linking C executable cmTC_b63b2
/usr/bin/cmake -E cmake_link_script CMakeFiles/cmTC_b63b2.dir/link.txt --verbose=1
/usr/bin/cc  -DCHECK_FUNCTION_EXISTS=pthread_create    -rdynamic CMakeFiles/cmTC_b63b2.dir/CheckFunctionExists.c.o  -o cmTC_b63b2  -lpthreads 
/usr/bin/ld: cannot find -lpthreads
collect2: error: ld returned 1 exit status
make[1]: *** [CMakeFiles/cmTC_b63b2.dir/build.make:87: cmTC_b63b2] Error 1
make[1]: Leaving directory '/home/corso/ws_moveit/src/maze_runner/build/CMakeFiles/CMakeTmp'
make: *** [Makefile:121: cmTC_b63b2/fast] Error 2



Performing C SOURCE FILE Test CMAKE_HAVE_LIBC_PTHREAD failed with the following output:
Change Dir: /home/corso/ws_moveit/src/maze_runner/build/CMakeFiles/CMakeTmp

Run Build Command(s):/usr/bin/make cmTC_c4cd1/fast && /usr/bin/make -f CMakeFiles/cmTC_c4cd1.dir/build.make CMakeFiles/cmTC_c4cd1.dir/build
make[1]: Entering directory '/home/corso/ws_moveit/src/maze_runner/build/CMakeFiles/CMakeTmp'
Building C object CMakeFiles/cmTC_c4cd1.dir/src.c.o
/usr/bin/cc   -DCMAKE_HAVE_LIBC_PTHREAD   -o CMakeFiles/cmTC_c4cd1.dir/src.c.o   -c /home/corso/ws_moveit/src/maze_runner/build/CMakeFiles/CMakeTmp/src.c
Linking C executable cmTC_c4cd1
/usr/bin/cmake -E cmake_link_script CMakeFiles/cmTC_c4cd1.dir/link.txt --verbose=1
/usr/bin/cc  -DCMAKE_HAVE_LIBC_PTHREAD    -rdynamic CMakeFiles/cmTC_c4cd1.dir/src.c.o  -o cmTC_c4cd1 
/usr/bin/ld: CMakeFiles/cmTC_c4cd1.dir/src.c.o: in function `main':
src.c:(.text+0x46): undefined reference to `pthread_create'
/usr/bin/ld: src.c:(.text+0x52): undefined reference to `pthread_detach'
/usr/bin/ld: src.c:(.text+0x63): undefined reference to `pthread_join'
collect2: error: ld returned 1 exit status
make[1]: *** [CMakeFiles/cmTC_c4cd1.dir/build.make:87: cmTC_c4cd1] Error 1
make[1]: Leaving directory '/home/corso/ws_moveit/src/maze_runner/build/CMakeFiles/CMakeTmp'
make: *** [Makefile:121: cmTC_c4cd1/fast] Error 2


Source file was:
#include <pthread.h>

void* test_func(void* data)
{
  return data;
}

int main(void)
{
  pthread_t thread;
  pthread_create(&thread, NULL, test_func, NULL);
  pthread_detach(thread);
  pthread_join(thread, NULL);
  pthread_atfork(NULL, NULL, NULL);
  pthread_exit(NULL);

  return 0;
}

Determining if the function pthread_create exists in the pthreads failed with the following output:
Change Dir: /home/corso/ws_moveit/src/maze_runner/build/CMakeFiles/CMakeTmp

Run Build Command(s):/usr/bin/make cmTC_3bb9f/fast && /usr/bin/make -f CMakeFiles/cmTC_3bb9f.dir/build.make CMakeFiles/cmTC_3bb9f.dir/build
make[1]: Entering directory '/home/corso/ws_moveit/src/maze_runner/build/CMakeFiles/CMakeTmp'
Building C object CMakeFiles/cmTC_3bb9f.dir/CheckFunctionExists.c.o
/usr/bin/cc   -DCHECK_FUNCTION_EXISTS=pthread_create   -o CMakeFiles/cmTC_3bb9f.dir/CheckFunctionExists.c.o   -c /usr/share/cmake-3.16/Modules/CheckFunctionExists.c
Linking C executable cmTC_3bb9f
/usr/bin/cmake -E cmake_link_script CMakeFiles/cmTC_3bb9f.dir/link.txt --verbose=1
/usr/bin/cc  -DCHECK_FUNCTION_EXISTS=pthread_create    -rdynamic CMakeFiles/cmTC_3bb9f.dir/CheckFunctionExists.c.o  -o cmTC_3bb9f  -lpthreads 
/usr/bin/ld: cannot find -lpthreads
collect2: error: ld returned 1 exit status
make[1]: *** [CMakeFiles/cmTC_3bb9f.dir/build.make:87: cmTC_3bb9f] Error 1
make[1]: Leaving directory '/home/corso/ws_moveit/src/maze_runner/build/CMakeFiles/CMakeTmp'
make: *** [Makefile:121: cmTC_3bb9f/fast] Error 2



Performing C SOURCE FILE Test CMAKE_HAVE_LIBC_PTHREAD failed with the following output:
Change Dir: /home/corso/ws_moveit/src/maze_runner/build/CMakeFiles/CMakeTmp

Run Build Command(s):/usr/bin/make cmTC_f2011/fast && /usr/bin/make -f CMakeFiles/cmTC_f2011.dir/build.make CMakeFiles/cmTC_f2011.dir/build
make[1]: Entering directory '/home/corso/ws_moveit/src/maze_runner/build/CMakeFiles/CMakeTmp'
Building C object CMakeFiles/cmTC_f2011.dir/src.c.o
/usr/bin/cc   -DCMAKE_HAVE_LIBC_PTHREAD   -o CMakeFiles/cmTC_f2011.dir/src.c.o   -c /home/corso/ws_moveit/src/maze_runner/build/CMakeFiles/CMakeTmp/src.c
Linking C executable cmTC_f2011
/usr/bin/cmake -E cmake_link_script CMakeFiles/cmTC_f2011.dir/link.txt --verbose=1
/usr/bin/cc  -DCMAKE_HAVE_LIBC_PTHREAD    -rdynamic CMakeFiles/cmTC_f2011.dir/src.c.o  -o cmTC_f2011 
/usr/bin/ld: CMakeFiles/cmTC_f2011.dir/src.c.o: in function `main':
src.c:(.text+0x46): undefined reference to `pthread_create'
/usr/bin/ld: src.c:(.text+0x52): undefined reference to `pthread_detach'
/usr/bin/ld: src.c:(.text+0x63): undefined reference to `pthread_join'
collect2: error: ld returned 1 exit status
make[1]: *** [CMakeFiles/cmTC_f2011.dir/build.make:87: cmTC_f2011] Error 1
make[1]: Leaving directory '/home/corso/ws_moveit/src/maze_runner/build/CMakeFiles/CMakeTmp'
make: *** [Makefile:121: cmTC_f2011/fast] Error 2


Source file was:
#include <pthread.h>

void* test_func(void* data)
{
  return data;
}

int main(void)
{
  pthread_t thread;
  pthread_create(&thread, NULL, test_func, NULL);
  pthread_detach(thread);
  pthread_join(thread, NULL);
  pthread_atfork(NULL, NULL, NULL);
  pthread_exit(NULL);

  return 0;
}

Determining if the function pthread_create exists in the pthreads failed with the following output:
Change Dir: /home/corso/ws_moveit/src/maze_runner/build/CMakeFiles/CMakeTmp

Run Build Command(s):/usr/bin/make cmTC_5cad6/fast && /usr/bin/make -f CMakeFiles/cmTC_5cad6.dir/build.make CMakeFiles/cmTC_5cad6.dir/build
make[1]: Entering directory '/home/corso/ws_moveit/src/maze_runner/build/CMakeFiles/CMakeTmp'
Building C object CMakeFiles/cmTC_5cad6.dir/CheckFunctionExists.c.o
/usr/bin/cc   -DCHECK_FUNCTION_EXISTS=pthread_create   -o CMakeFiles/cmTC_5cad6.dir/CheckFunctionExists.c.o   -c /usr/share/cmake-3.16/Modules/CheckFunctionExists.c
Linking C executable cmTC_5cad6
/usr/bin/cmake -E cmake_link_script CMakeFiles/cmTC_5cad6.dir/link.txt --verbose=1
/usr/bin/cc  -DCHECK_FUNCTION_EXISTS=pthread_create    -rdynamic CMakeFiles/cmTC_5cad6.dir/CheckFunctionExists.c.o  -o cmTC_5cad6  -lpthreads 
/usr/bin/ld: cannot find -lpthreads
collect2: error: ld returned 1 exit status
make[1]: *** [CMakeFiles/cmTC_5cad6.dir/build.make:87: cmTC_5cad6] Error 1
make[1]: Leaving directory '/home/corso/ws_moveit/src/maze_runner/build/CMakeFiles/CMakeTmp'
make: *** [Makefile:121: cmTC_5cad6/fast] Error 2



Performing C SOURCE FILE Test CMAKE_HAVE_LIBC_PTHREAD failed with the following output:
Change Dir: /home/corso/ws_moveit/src/maze_runner/build/CMakeFiles/CMakeTmp

Run Build Command(s):/usr/bin/make cmTC_bd2fa/fast && /usr/bin/make -f CMakeFiles/cmTC_bd2fa.dir/build.make CMakeFiles/cmTC_bd2fa.dir/build
make[1]: Entering directory '/home/corso/ws_moveit/src/maze_runner/build/CMakeFiles/CMakeTmp'
Building C object CMakeFiles/cmTC_bd2fa.dir/src.c.o
/usr/bin/cc   -DCMAKE_HAVE_LIBC_PTHREAD   -o CMakeFiles/cmTC_bd2fa.dir/src.c.o   -c /home/corso/ws_moveit/src/maze_runner/build/CMakeFiles/CMakeTmp/src.c
Linking C executable cmTC_bd2fa
/usr/bin/cmake -E cmake_link_script CMakeFiles/cmTC_bd2fa.dir/link.txt --verbose=1
/usr/bin/cc  -DCMAKE_HAVE_LIBC_PTHREAD    -rdynamic CMakeFiles/cmTC_bd2fa.dir/src.c.o  -o cmTC_bd2fa 
/usr/bin/ld: CMakeFiles/cmTC_bd2fa.dir/src.c.o: in function `main':
src.c:(.text+0x46): undefined reference to `pthread_create'
/usr/bin/ld: src.c:(.text+0x52): undefined reference to `pthread_detach'
/usr/bin/ld: src.c:(.text+0x63): undefined reference to `pthread_join'
collect2: error: ld returned 1 exit status
make[1]: *** [CMakeFiles/cmTC_bd2fa.dir/build.make:87: cmTC_bd2fa] Error 1
make[1]: Leaving directory '/home/corso/ws_moveit/src/maze_runner/build/CMakeFiles/CMakeTmp'
make: *** [Makefile:121: cmTC_bd2fa/fast] Error 2


Source file was:
#include <pthread.h>

void* test_func(void* data)
{
  return data;
}

int main(void)
{
  pthread_t thread;
  pthread_create(&thread, NULL, test_func, NULL);
  pthread_detach(thread);
  pthread_join(thread, NULL);
  pthread_atfork(NULL, NULL, NULL);
  pthread_exit(NULL);

  return 0;
}

Determining if the function pthread_create exists in the pthreads failed with the following output:
Change Dir: /home/corso/ws_moveit/src/maze_runner/build/CMakeFiles/CMakeTmp

Run Build Command(s):/usr/bin/make cmTC_be33b/fast && /usr/bin/make -f CMakeFiles/cmTC_be33b.dir/build.make CMakeFiles/cmTC_be33b.dir/build
make[1]: Entering directory '/home/corso/ws_moveit/src/maze_runner/build/CMakeFiles/CMakeTmp'
Building C object CMakeFiles/cmTC_be33b.dir/CheckFunctionExists.c.o
/usr/bin/cc   -DCHECK_FUNCTION_EXISTS=pthread_create   -o CMakeFiles/cmTC_be33b.dir/CheckFunctionExists.c.o   -c /usr/share/cmake-3.16/Modules/CheckFunctionExists.c
Linking C executable cmTC_be33b
/usr/bin/cmake -E cmake_link_script CMakeFiles/cmTC_be33b.dir/link.txt --verbose=1
/usr/bin/cc  -DCHECK_FUNCTION_EXISTS=pthread_create    -rdynamic CMakeFiles/cmTC_be33b.dir/CheckFunctionExists.c.o  -o cmTC_be33b  -lpthreads 
/usr/bin/ld: cannot find -lpthreads
collect2: error: ld returned 1 exit status
make[1]: *** [CMakeFiles/cmTC_be33b.dir/build.make:87: cmTC_be33b] Error 1
make[1]: Leaving directory '/home/corso/ws_moveit/src/maze_runner/build/CMakeFiles/CMakeTmp'
make: *** [Makefile:121: cmTC_be33b/fast] Error 2



Performing C SOURCE FILE Test CMAKE_HAVE_LIBC_PTHREAD failed with the following output:
Change Dir: /home/corso/ws_moveit/src/maze_runner/build/CMakeFiles/CMakeTmp

Run Build Command(s):/usr/bin/make cmTC_dedf9/fast && /usr/bin/make -f CMakeFiles/cmTC_dedf9.dir/build.make CMakeFiles/cmTC_dedf9.dir/build
make[1]: Entering directory '/home/corso/ws_moveit/src/maze_runner/build/CMakeFiles/CMakeTmp'
Building C object CMakeFiles/cmTC_dedf9.dir/src.c.o
/usr/bin/cc   -DCMAKE_HAVE_LIBC_PTHREAD   -o CMakeFiles/cmTC_dedf9.dir/src.c.o   -c /home/corso/ws_moveit/src/maze_runner/build/CMakeFiles/CMakeTmp/src.c
Linking C executable cmTC_dedf9
/usr/bin/cmake -E cmake_link_script CMakeFiles/cmTC_dedf9.dir/link.txt --verbose=1
/usr/bin/cc  -DCMAKE_HAVE_LIBC_PTHREAD    -rdynamic CMakeFiles/cmTC_dedf9.dir/src.c.o  -o cmTC_dedf9 
/usr/bin/ld: CMakeFiles/cmTC_dedf9.dir/src.c.o: in function `main':
src.c:(.text+0x46): undefined reference to `pthread_create'
/usr/bin/ld: src.c:(.text+0x52): undefined reference to `pthread_detach'
/usr/bin/ld: src.c:(.text+0x63): undefined reference to `pthread_join'
collect2: error: ld returned 1 exit status
make[1]: *** [CMakeFiles/cmTC_dedf9.dir/build.make:87: cmTC_dedf9] Error 1
make[1]: Leaving directory '/home/corso/ws_moveit/src/maze_runner/build/CMakeFiles/CMakeTmp'
make: *** [Makefile:121: cmTC_dedf9/fast] Error 2


Source file was:
#include <pthread.h>

void* test_func(void* data)
{
  return data;
}

int main(void)
{
  pthread_t thread;
  pthread_create(&thread, NULL, test_func, NULL);
  pthread_detach(thread);
  pthread_join(thread, NULL);
  pthread_atfork(NULL, NULL, NULL);
  pthread_exit(NULL);

  return 0;
}

Determining if the function pthread_create exists in the pthreads failed with the following output:
Change Dir: /home/corso/ws_moveit/src/maze_runner/build/CMakeFiles/CMakeTmp

Run Build Command(s):/usr/bin/make cmTC_20abc/fast && /usr/bin/make -f CMakeFiles/cmTC_20abc.dir/build.make CMakeFiles/cmTC_20abc.dir/build
make[1]: Entering directory '/home/corso/ws_moveit/src/maze_runner/build/CMakeFiles/CMakeTmp'
Building C object CMakeFiles/cmTC_20abc.dir/CheckFunctionExists.c.o
/usr/bin/cc   -DCHECK_FUNCTION_EXISTS=pthread_create   -o CMakeFiles/cmTC_20abc.dir/CheckFunctionExists.c.o   -c /usr/share/cmake-3.16/Modules/CheckFunctionExists.c
Linking C executable cmTC_20abc
/usr/bin/cmake -E cmake_link_script CMakeFiles/cmTC_20abc.dir/link.txt --verbose=1
/usr/bin/cc  -DCHECK_FUNCTION_EXISTS=pthread_create    -rdynamic CMakeFiles/cmTC_20abc.dir/CheckFunctionExists.c.o  -o cmTC_20abc  -lpthreads 
/usr/bin/ld: cannot find -lpthreads
collect2: error: ld returned 1 exit status
make[1]: *** [CMakeFiles/cmTC_20abc.dir/build.make:87: cmTC_20abc] Error 1
make[1]: Leaving directory '/home/corso/ws_moveit/src/maze_runner/build/CMakeFiles/CMakeTmp'
make: *** [Makefile:121: cmTC_20abc/fast] Error 2



Performing C SOURCE FILE Test CMAKE_HAVE_LIBC_PTHREAD failed with the following output:
Change Dir: /home/corso/ws_moveit/src/maze_runner/build/CMakeFiles/CMakeTmp

Run Build Command(s):/usr/bin/make cmTC_c0ddc/fast && /usr/bin/make -f CMakeFiles/cmTC_c0ddc.dir/build.make CMakeFiles/cmTC_c0ddc.dir/build
make[1]: Entering directory '/home/corso/ws_moveit/src/maze_runner/build/CMakeFiles/CMakeTmp'
Building C object CMakeFiles/cmTC_c0ddc.dir/src.c.o
/usr/bin/cc   -DCMAKE_HAVE_LIBC_PTHREAD   -o CMakeFiles/cmTC_c0ddc.dir/src.c.o   -c /home/corso/ws_moveit/src/maze_runner/build/CMakeFiles/CMakeTmp/src.c
Linking C executable cmTC_c0ddc
/usr/bin/cmake -E cmake_link_script CMakeFiles/cmTC_c0ddc.dir/link.txt --verbose=1
/usr/bin/cc  -DCMAKE_HAVE_LIBC_PTHREAD    -rdynamic CMakeFiles/cmTC_c0ddc.dir/src.c.o  -o cmTC_c0ddc 
/usr/bin/ld: CMakeFiles/cmTC_c0ddc.dir/src.c.o: in function `main':
src.c:(.text+0x46): undefined reference to `pthread_create'
/usr/bin/ld: src.c:(.text+0x52): undefined reference to `pthread_detach'
/usr/bin/ld: src.c:(.text+0x63): undefined reference to `pthread_join'
collect2: error: ld returned 1 exit status
make[1]: *** [CMakeFiles/cmTC_c0ddc.dir/build.make:87: cmTC_c0ddc] Error 1
make[1]: Leaving directory '/home/corso/ws_moveit/src/maze_runner/build/CMakeFiles/CMakeTmp'
make: *** [Makefile:121: cmTC_c0ddc/fast] Error 2


Source file was:
#include <pthread.h>

void* test_func(void* data)
{
  return data;
}

int main(void)
{
  pthread_t thread;
  pthread_create(&thread, NULL, test_func, NULL);
  pthread_detach(thread);
  pthread_join(thread, NULL);
  pthread_atfork(NULL, NULL, NULL);
  pthread_exit(NULL);

  return 0;
}

Determining if the function pthread_create exists in the pthreads failed with the following output:
Change Dir: /home/corso/ws_moveit/src/maze_runner/build/CMakeFiles/CMakeTmp

Run Build Command(s):/usr/bin/make cmTC_73c41/fast && /usr/bin/make -f CMakeFiles/cmTC_73c41.dir/build.make CMakeFiles/cmTC_73c41.dir/build
make[1]: Entering directory '/home/corso/ws_moveit/src/maze_runner/build/CMakeFiles/CMakeTmp'
Building C object CMakeFiles/cmTC_73c41.dir/CheckFunctionExists.c.o
/usr/bin/cc   -DCHECK_FUNCTION_EXISTS=pthread_create   -o CMakeFiles/cmTC_73c41.dir/CheckFunctionExists.c.o   -c /usr/share/cmake-3.16/Modules/CheckFunctionExists.c
Linking C executable cmTC_73c41
/usr/bin/cmake -E cmake_link_script CMakeFiles/cmTC_73c41.dir/link.txt --verbose=1
/usr/bin/cc  -DCHECK_FUNCTION_EXISTS=pthread_create    -rdynamic CMakeFiles/cmTC_73c41.dir/CheckFunctionExists.c.o  -o cmTC_73c41  -lpthreads 
/usr/bin/ld: cannot find -lpthreads
collect2: error: ld returned 1 exit status
make[1]: *** [CMakeFiles/cmTC_73c41.dir/build.make:87: cmTC_73c41] Error 1
make[1]: Leaving directory '/home/corso/ws_moveit/src/maze_runner/build/CMakeFiles/CMakeTmp'
make: *** [Makefile:121: cmTC_73c41/fast] Error 2



Performing C SOURCE FILE Test CMAKE_HAVE_LIBC_PTHREAD failed with the following output:
Change Dir: /home/corso/ws_moveit/src/maze_runner/build/CMakeFiles/CMakeTmp

Run Build Command(s):/usr/bin/make cmTC_ebd3d/fast && /usr/bin/make -f CMakeFiles/cmTC_ebd3d.dir/build.make CMakeFiles/cmTC_ebd3d.dir/build
make[1]: Entering directory '/home/corso/ws_moveit/src/maze_runner/build/CMakeFiles/CMakeTmp'
Building C object CMakeFiles/cmTC_ebd3d.dir/src.c.o
/usr/bin/cc   -DCMAKE_HAVE_LIBC_PTHREAD   -o CMakeFiles/cmTC_ebd3d.dir/src.c.o   -c /home/corso/ws_moveit/src/maze_runner/build/CMakeFiles/CMakeTmp/src.c
Linking C executable cmTC_ebd3d
/usr/bin/cmake -E cmake_link_script CMakeFiles/cmTC_ebd3d.dir/link.txt --verbose=1
/usr/bin/cc  -DCMAKE_HAVE_LIBC_PTHREAD    -rdynamic CMakeFiles/cmTC_ebd3d.dir/src.c.o  -o cmTC_ebd3d 
/usr/bin/ld: CMakeFiles/cmTC_ebd3d.dir/src.c.o: in function `main':
src.c:(.text+0x46): undefined reference to `pthread_create'
/usr/bin/ld: src.c:(.text+0x52): undefined reference to `pthread_detach'
/usr/bin/ld: src.c:(.text+0x63): undefined reference to `pthread_join'
collect2: error: ld returned 1 exit status
make[1]: *** [CMakeFiles/cmTC_ebd3d.dir/build.make:87: cmTC_ebd3d] Error 1
make[1]: Leaving directory '/home/corso/ws_moveit/src/maze_runner/build/CMakeFiles/CMakeTmp'
make: *** [Makefile:121: cmTC_ebd3d/fast] Error 2


Source file was:
#include <pthread.h>

void* test_func(void* data)
{
  return data;
}

int main(void)
{
  pthread_t thread;
  pthread_create(&thread, NULL, test_func, NULL);
  pthread_detach(thread);
  pthread_join(thread, NULL);
  pthread_atfork(NULL, NULL, NULL);
  pthread_exit(NULL);

  return 0;
}

Determining if the function pthread_create exists in the pthreads failed with the following output:
Change Dir: /home/corso/ws_moveit/src/maze_runner/build/CMakeFiles/CMakeTmp

Run Build Command(s):/usr/bin/make cmTC_57090/fast && /usr/bin/make -f CMakeFiles/cmTC_57090.dir/build.make CMakeFiles/cmTC_57090.dir/build
make[1]: Entering directory '/home/corso/ws_moveit/src/maze_runner/build/CMakeFiles/CMakeTmp'
Building C object CMakeFiles/cmTC_57090.dir/CheckFunctionExists.c.o
/usr/bin/cc   -DCHECK_FUNCTION_EXISTS=pthread_create   -o CMakeFiles/cmTC_57090.dir/CheckFunctionExists.c.o   -c /usr/share/cmake-3.16/Modules/CheckFunctionExists.c
Linking C executable cmTC_57090
/usr/bin/cmake -E cmake_link_script CMakeFiles/cmTC_57090.dir/link.txt --verbose=1
/usr/bin/cc  -DCHECK_FUNCTION_EXISTS=pthread_create    -rdynamic CMakeFiles/cmTC_57090.dir/CheckFunctionExists.c.o  -o cmTC_57090  -lpthreads 
/usr/bin/ld: cannot find -lpthreads
collect2: error: ld returned 1 exit status
make[1]: *** [CMakeFiles/cmTC_57090.dir/build.make:87: cmTC_57090] Error 1
make[1]: Leaving directory '/home/corso/ws_moveit/src/maze_runner/build/CMakeFiles/CMakeTmp'
make: *** [Makefile:121: cmTC_57090/fast] Error 2



Performing C SOURCE FILE Test CMAKE_HAVE_LIBC_PTHREAD failed with the following output:
Change Dir: /home/corso/ws_moveit/src/maze_runner/build/CMakeFiles/CMakeTmp

Run Build Command(s):/usr/bin/make cmTC_99b45/fast && /usr/bin/make -f CMakeFiles/cmTC_99b45.dir/build.make CMakeFiles/cmTC_99b45.dir/build
make[1]: Entering directory '/home/corso/ws_moveit/src/maze_runner/build/CMakeFiles/CMakeTmp'
Building C object CMakeFiles/cmTC_99b45.dir/src.c.o
/usr/bin/cc   -DCMAKE_HAVE_LIBC_PTHREAD   -o CMakeFiles/cmTC_99b45.dir/src.c.o   -c /home/corso/ws_moveit/src/maze_runner/build/CMakeFiles/CMakeTmp/src.c
Linking C executable cmTC_99b45
/usr/bin/cmake -E cmake_link_script CMakeFiles/cmTC_99b45.dir/link.txt --verbose=1
/usr/bin/cc  -DCMAKE_HAVE_LIBC_PTHREAD    -rdynamic CMakeFiles/cmTC_99b45.dir/src.c.o  -o cmTC_99b45 
/usr/bin/ld: CMakeFiles/cmTC_99b45.dir/src.c.o: in function `main':
src.c:(.text+0x46): undefined reference to `pthread_create'
/usr/bin/ld: src.c:(.text+0x52): undefined reference to `pthread_detach'
/usr/bin/ld: src.c:(.text+0x63): undefined reference to `pthread_join'
collect2: error: ld returned 1 exit status
make[1]: *** [CMakeFiles/cmTC_99b45.dir/build.make:87: cmTC_99b45] Error 1
make[1]: Leaving directory '/home/corso/ws_moveit/src/maze_runner/build/CMakeFiles/CMakeTmp'
make: *** [Makefile:121: cmTC_99b45/fast] Error 2


Source file was:
#include <pthread.h>

void* test_func(void* data)
{
  return data;
}

int main(void)
{
  pthread_t thread;
  pthread_create(&thread, NULL, test_func, NULL);
  pthread_detach(thread);
  pthread_join(thread, NULL);
  pthread_atfork(NULL, NULL, NULL);
  pthread_exit(NULL);

  return 0;
}

Determining if the function pthread_create exists in the pthreads failed with the following output:
Change Dir: /home/corso/ws_moveit/src/maze_runner/build/CMakeFiles/CMakeTmp

Run Build Command(s):/usr/bin/make cmTC_8cdf8/fast && /usr/bin/make -f CMakeFiles/cmTC_8cdf8.dir/build.make CMakeFiles/cmTC_8cdf8.dir/build
make[1]: Entering directory '/home/corso/ws_moveit/src/maze_runner/build/CMakeFiles/CMakeTmp'
Building C object CMakeFiles/cmTC_8cdf8.dir/CheckFunctionExists.c.o
/usr/bin/cc   -DCHECK_FUNCTION_EXISTS=pthread_create   -o CMakeFiles/cmTC_8cdf8.dir/CheckFunctionExists.c.o   -c /usr/share/cmake-3.16/Modules/CheckFunctionExists.c
Linking C executable cmTC_8cdf8
/usr/bin/cmake -E cmake_link_script CMakeFiles/cmTC_8cdf8.dir/link.txt --verbose=1
/usr/bin/cc  -DCHECK_FUNCTION_EXISTS=pthread_create    -rdynamic CMakeFiles/cmTC_8cdf8.dir/CheckFunctionExists.c.o  -o cmTC_8cdf8  -lpthreads 
/usr/bin/ld: cannot find -lpthreads
collect2: error: ld returned 1 exit status
make[1]: *** [CMakeFiles/cmTC_8cdf8.dir/build.make:87: cmTC_8cdf8] Error 1
make[1]: Leaving directory '/home/corso/ws_moveit/src/maze_runner/build/CMakeFiles/CMakeTmp'
make: *** [Makefile:121: cmTC_8cdf8/fast] Error 2



Performing C SOURCE FILE Test CMAKE_HAVE_LIBC_PTHREAD failed with the following output:
Change Dir: /home/corso/ws_moveit/src/maze_runner/build/CMakeFiles/CMakeTmp

Run Build Command(s):/usr/bin/make cmTC_94a36/fast && /usr/bin/make -f CMakeFiles/cmTC_94a36.dir/build.make CMakeFiles/cmTC_94a36.dir/build
make[1]: Entering directory '/home/corso/ws_moveit/src/maze_runner/build/CMakeFiles/CMakeTmp'
Building C object CMakeFiles/cmTC_94a36.dir/src.c.o
/usr/bin/cc   -DCMAKE_HAVE_LIBC_PTHREAD   -o CMakeFiles/cmTC_94a36.dir/src.c.o   -c /home/corso/ws_moveit/src/maze_runner/build/CMakeFiles/CMakeTmp/src.c
Linking C executable cmTC_94a36
/usr/bin/cmake -E cmake_link_script CMakeFiles/cmTC_94a36.dir/link.txt --verbose=1
/usr/bin/cc  -DCMAKE_HAVE_LIBC_PTHREAD    -rdynamic CMakeFiles/cmTC_94a36.dir/src.c.o  -o cmTC_94a36 
/usr/bin/ld: CMakeFiles/cmTC_94a36.dir/src.c.o: in function `main':
src.c:(.text+0x46): undefined reference to `pthread_create'
/usr/bin/ld: src.c:(.text+0x52): undefined reference to `pthread_detach'
/usr/bin/ld: src.c:(.text+0x63): undefined reference to `pthread_join'
collect2: error: ld returned 1 exit status
make[1]: *** [CMakeFiles/cmTC_94a36.dir/build.make:87: cmTC_94a36] Error 1
make[1]: Leaving directory '/home/corso/ws_moveit/src/maze_runner/build/CMakeFiles/CMakeTmp'
make: *** [Makefile:121: cmTC_94a36/fast] Error 2


Source file was:
#include <pthread.h>

void* test_func(void* data)
{
  return data;
}

int main(void)
{
  pthread_t thread;
  pthread_create(&thread, NULL, test_func, NULL);
  pthread_detach(thread);
  pthread_join(thread, NULL);
  pthread_atfork(NULL, NULL, NULL);
  pthread_exit(NULL);

  return 0;
}

Determining if the function pthread_create exists in the pthreads failed with the following output:
Change Dir: /home/corso/ws_moveit/src/maze_runner/build/CMakeFiles/CMakeTmp

Run Build Command(s):/usr/bin/make cmTC_3c475/fast && /usr/bin/make -f CMakeFiles/cmTC_3c475.dir/build.make CMakeFiles/cmTC_3c475.dir/build
make[1]: Entering directory '/home/corso/ws_moveit/src/maze_runner/build/CMakeFiles/CMakeTmp'
Building C object CMakeFiles/cmTC_3c475.dir/CheckFunctionExists.c.o
/usr/bin/cc   -DCHECK_FUNCTION_EXISTS=pthread_create   -o CMakeFiles/cmTC_3c475.dir/CheckFunctionExists.c.o   -c /usr/share/cmake-3.16/Modules/CheckFunctionExists.c
Linking C executable cmTC_3c475
/usr/bin/cmake -E cmake_link_script CMakeFiles/cmTC_3c475.dir/link.txt --verbose=1
/usr/bin/cc  -DCHECK_FUNCTION_EXISTS=pthread_create    -rdynamic CMakeFiles/cmTC_3c475.dir/CheckFunctionExists.c.o  -o cmTC_3c475  -lpthreads 
/usr/bin/ld: cannot find -lpthreads
collect2: error: ld returned 1 exit status
make[1]: *** [CMakeFiles/cmTC_3c475.dir/build.make:87: cmTC_3c475] Error 1
make[1]: Leaving directory '/home/corso/ws_moveit/src/maze_runner/build/CMakeFiles/CMakeTmp'
make: *** [Makefile:121: cmTC_3c475/fast] Error 2



Performing C SOURCE FILE Test CMAKE_HAVE_LIBC_PTHREAD failed with the following output:
Change Dir: /home/corso/ws_moveit/src/maze_runner/build/CMakeFiles/CMakeTmp

Run Build Command(s):/usr/bin/make cmTC_97b24/fast && /usr/bin/make -f CMakeFiles/cmTC_97b24.dir/build.make CMakeFiles/cmTC_97b24.dir/build
make[1]: Entering directory '/home/corso/ws_moveit/src/maze_runner/build/CMakeFiles/CMakeTmp'
Building C object CMakeFiles/cmTC_97b24.dir/src.c.o
/usr/bin/cc   -DCMAKE_HAVE_LIBC_PTHREAD   -o CMakeFiles/cmTC_97b24.dir/src.c.o   -c /home/corso/ws_moveit/src/maze_runner/build/CMakeFiles/CMakeTmp/src.c
Linking C executable cmTC_97b24
/usr/bin/cmake -E cmake_link_script CMakeFiles/cmTC_97b24.dir/link.txt --verbose=1
/usr/bin/cc  -DCMAKE_HAVE_LIBC_PTHREAD    -rdynamic CMakeFiles/cmTC_97b24.dir/src.c.o  -o cmTC_97b24 
/usr/bin/ld: CMakeFiles/cmTC_97b24.dir/src.c.o: in function `main':
src.c:(.text+0x46): undefined reference to `pthread_create'
/usr/bin/ld: src.c:(.text+0x52): undefined reference to `pthread_detach'
/usr/bin/ld: src.c:(.text+0x63): undefined reference to `pthread_join'
collect2: error: ld returned 1 exit status
make[1]: *** [CMakeFiles/cmTC_97b24.dir/build.make:87: cmTC_97b24] Error 1
make[1]: Leaving directory '/home/corso/ws_moveit/src/maze_runner/build/CMakeFiles/CMakeTmp'
make: *** [Makefile:121: cmTC_97b24/fast] Error 2


Source file was:
#include <pthread.h>

void* test_func(void* data)
{
  return data;
}

int main(void)
{
  pthread_t thread;
  pthread_create(&thread, NULL, test_func, NULL);
  pthread_detach(thread);
  pthread_join(thread, NULL);
  pthread_atfork(NULL, NULL, NULL);
  pthread_exit(NULL);

  return 0;
}

Determining if the function pthread_create exists in the pthreads failed with the following output:
Change Dir: /home/corso/ws_moveit/src/maze_runner/build/CMakeFiles/CMakeTmp

Run Build Command(s):/usr/bin/make cmTC_d5be8/fast && /usr/bin/make -f CMakeFiles/cmTC_d5be8.dir/build.make CMakeFiles/cmTC_d5be8.dir/build
make[1]: Entering directory '/home/corso/ws_moveit/src/maze_runner/build/CMakeFiles/CMakeTmp'
Building C object CMakeFiles/cmTC_d5be8.dir/CheckFunctionExists.c.o
/usr/bin/cc   -DCHECK_FUNCTION_EXISTS=pthread_create   -o CMakeFiles/cmTC_d5be8.dir/CheckFunctionExists.c.o   -c /usr/share/cmake-3.16/Modules/CheckFunctionExists.c
Linking C executable cmTC_d5be8
/usr/bin/cmake -E cmake_link_script CMakeFiles/cmTC_d5be8.dir/link.txt --verbose=1
/usr/bin/cc  -DCHECK_FUNCTION_EXISTS=pthread_create    -rdynamic CMakeFiles/cmTC_d5be8.dir/CheckFunctionExists.c.o  -o cmTC_d5be8  -lpthreads 
/usr/bin/ld: cannot find -lpthreads
collect2: error: ld returned 1 exit status
make[1]: *** [CMakeFiles/cmTC_d5be8.dir/build.make:87: cmTC_d5be8] Error 1
make[1]: Leaving directory '/home/corso/ws_moveit/src/maze_runner/build/CMakeFiles/CMakeTmp'
make: *** [Makefile:121: cmTC_d5be8/fast] Error 2



Performing C SOURCE FILE Test CMAKE_HAVE_LIBC_PTHREAD failed with the following output:
Change Dir: /home/corso/ws_moveit/src/maze_runner/build/CMakeFiles/CMakeTmp

Run Build Command(s):/usr/bin/make cmTC_527d9/fast && /usr/bin/make -f CMakeFiles/cmTC_527d9.dir/build.make CMakeFiles/cmTC_527d9.dir/build
make[1]: Entering directory '/home/corso/ws_moveit/src/maze_runner/build/CMakeFiles/CMakeTmp'
Building C object CMakeFiles/cmTC_527d9.dir/src.c.o
/usr/bin/cc   -DCMAKE_HAVE_LIBC_PTHREAD   -o CMakeFiles/cmTC_527d9.dir/src.c.o   -c /home/corso/ws_moveit/src/maze_runner/build/CMakeFiles/CMakeTmp/src.c
Linking C executable cmTC_527d9
/usr/bin/cmake -E cmake_link_script CMakeFiles/cmTC_527d9.dir/link.txt --verbose=1
/usr/bin/cc  -DCMAKE_HAVE_LIBC_PTHREAD    -rdynamic CMakeFiles/cmTC_527d9.dir/src.c.o  -o cmTC_527d9 
/usr/bin/ld: CMakeFiles/cmTC_527d9.dir/src.c.o: in function `main':
src.c:(.text+0x46): undefined reference to `pthread_create'
/usr/bin/ld: src.c:(.text+0x52): undefined reference to `pthread_detach'
/usr/bin/ld: src.c:(.text+0x63): undefined reference to `pthread_join'
collect2: error: ld returned 1 exit status
make[1]: *** [CMakeFiles/cmTC_527d9.dir/build.make:87: cmTC_527d9] Error 1
make[1]: Leaving directory '/home/corso/ws_moveit/src/maze_runner/build/CMakeFiles/CMakeTmp'
make: *** [Makefile:121: cmTC_527d9/fast] Error 2


Source file was:
#include <pthread.h>

void* test_func(void* data)
{
  return data;
}

int main(void)
{
  pthread_t thread;
  pthread_create(&thread, NULL, test_func, NULL);
  pthread_detach(thread);
  pthread_join(thread, NULL);
  pthread_atfork(NULL, NULL, NULL);
  pthread_exit(NULL);

  return 0;
}

Determining if the function pthread_create exists in the pthreads failed with the following output:
Change Dir: /home/corso/ws_moveit/src/maze_runner/build/CMakeFiles/CMakeTmp

Run Build Command(s):/usr/bin/make cmTC_6fdbe/fast && /usr/bin/make -f CMakeFiles/cmTC_6fdbe.dir/build.make CMakeFiles/cmTC_6fdbe.dir/build
make[1]: Entering directory '/home/corso/ws_moveit/src/maze_runner/build/CMakeFiles/CMakeTmp'
Building C object CMakeFiles/cmTC_6fdbe.dir/CheckFunctionExists.c.o
/usr/bin/cc   -DCHECK_FUNCTION_EXISTS=pthread_create   -o CMakeFiles/cmTC_6fdbe.dir/CheckFunctionExists.c.o   -c /usr/share/cmake-3.16/Modules/CheckFunctionExists.c
Linking C executable cmTC_6fdbe
/usr/bin/cmake -E cmake_link_script CMakeFiles/cmTC_6fdbe.dir/link.txt --verbose=1
/usr/bin/cc  -DCHECK_FUNCTION_EXISTS=pthread_create    -rdynamic CMakeFiles/cmTC_6fdbe.dir/CheckFunctionExists.c.o  -o cmTC_6fdbe  -lpthreads 
/usr/bin/ld: cannot find -lpthreads
collect2: error: ld returned 1 exit status
make[1]: *** [CMakeFiles/cmTC_6fdbe.dir/build.make:87: cmTC_6fdbe] Error 1
make[1]: Leaving directory '/home/corso/ws_moveit/src/maze_runner/build/CMakeFiles/CMakeTmp'
make: *** [Makefile:121: cmTC_6fdbe/fast] Error 2



Performing C SOURCE FILE Test CMAKE_HAVE_LIBC_PTHREAD failed with the following output:
Change Dir: /home/corso/ws_moveit/src/maze_runner/build/CMakeFiles/CMakeTmp

Run Build Command(s):/usr/bin/make cmTC_9210f/fast && /usr/bin/make -f CMakeFiles/cmTC_9210f.dir/build.make CMakeFiles/cmTC_9210f.dir/build
make[1]: Entering directory '/home/corso/ws_moveit/src/maze_runner/build/CMakeFiles/CMakeTmp'
Building C object CMakeFiles/cmTC_9210f.dir/src.c.o
/usr/bin/cc   -DCMAKE_HAVE_LIBC_PTHREAD   -o CMakeFiles/cmTC_9210f.dir/src.c.o   -c /home/corso/ws_moveit/src/maze_runner/build/CMakeFiles/CMakeTmp/src.c
Linking C executable cmTC_9210f
/usr/bin/cmake -E cmake_link_script CMakeFiles/cmTC_9210f.dir/link.txt --verbose=1
/usr/bin/cc  -DCMAKE_HAVE_LIBC_PTHREAD    -rdynamic CMakeFiles/cmTC_9210f.dir/src.c.o  -o cmTC_9210f 
/usr/bin/ld: CMakeFiles/cmTC_9210f.dir/src.c.o: in function `main':
src.c:(.text+0x46): undefined reference to `pthread_create'
/usr/bin/ld: src.c:(.text+0x52): undefined reference to `pthread_detach'
/usr/bin/ld: src.c:(.text+0x63): undefined reference to `pthread_join'
collect2: error: ld returned 1 exit status
make[1]: *** [CMakeFiles/cmTC_9210f.dir/build.make:87: cmTC_9210f] Error 1
make[1]: Leaving directory '/home/corso/ws_moveit/src/maze_runner/build/CMakeFiles/CMakeTmp'
make: *** [Makefile:121: cmTC_9210f/fast] Error 2


Source file was:
#include <pthread.h>

void* test_func(void* data)
{
  return data;
}

int main(void)
{
  pthread_t thread;
  pthread_create(&thread, NULL, test_func, NULL);
  pthread_detach(thread);
  pthread_join(thread, NULL);
  pthread_atfork(NULL, NULL, NULL);
  pthread_exit(NULL);

  return 0;
}

Determining if the function pthread_create exists in the pthreads failed with the following output:
Change Dir: /home/corso/ws_moveit/src/maze_runner/build/CMakeFiles/CMakeTmp

Run Build Command(s):/usr/bin/make cmTC_ef020/fast && /usr/bin/make -f CMakeFiles/cmTC_ef020.dir/build.make CMakeFiles/cmTC_ef020.dir/build
make[1]: Entering directory '/home/corso/ws_moveit/src/maze_runner/build/CMakeFiles/CMakeTmp'
Building C object CMakeFiles/cmTC_ef020.dir/CheckFunctionExists.c.o
/usr/bin/cc   -DCHECK_FUNCTION_EXISTS=pthread_create   -o CMakeFiles/cmTC_ef020.dir/CheckFunctionExists.c.o   -c /usr/share/cmake-3.16/Modules/CheckFunctionExists.c
Linking C executable cmTC_ef020
/usr/bin/cmake -E cmake_link_script CMakeFiles/cmTC_ef020.dir/link.txt --verbose=1
/usr/bin/cc  -DCHECK_FUNCTION_EXISTS=pthread_create    -rdynamic CMakeFiles/cmTC_ef020.dir/CheckFunctionExists.c.o  -o cmTC_ef020  -lpthreads 
/usr/bin/ld: cannot find -lpthreads
collect2: error: ld returned 1 exit status
make[1]: *** [CMakeFiles/cmTC_ef020.dir/build.make:87: cmTC_ef020] Error 1
make[1]: Leaving directory '/home/corso/ws_moveit/src/maze_runner/build/CMakeFiles/CMakeTmp'
make: *** [Makefile:121: cmTC_ef020/fast] Error 2



Performing C SOURCE FILE Test CMAKE_HAVE_LIBC_PTHREAD failed with the following output:
Change Dir: /home/corso/ws_moveit/src/maze_runner/build/CMakeFiles/CMakeTmp

Run Build Command(s):/usr/bin/make cmTC_42d26/fast && /usr/bin/make -f CMakeFiles/cmTC_42d26.dir/build.make CMakeFiles/cmTC_42d26.dir/build
make[1]: Entering directory '/home/corso/ws_moveit/src/maze_runner/build/CMakeFiles/CMakeTmp'
Building C object CMakeFiles/cmTC_42d26.dir/src.c.o
/usr/bin/cc   -DCMAKE_HAVE_LIBC_PTHREAD   -o CMakeFiles/cmTC_42d26.dir/src.c.o   -c /home/corso/ws_moveit/src/maze_runner/build/CMakeFiles/CMakeTmp/src.c
Linking C executable cmTC_42d26
/usr/bin/cmake -E cmake_link_script CMakeFiles/cmTC_42d26.dir/link.txt --verbose=1
/usr/bin/cc  -DCMAKE_HAVE_LIBC_PTHREAD    -rdynamic CMakeFiles/cmTC_42d26.dir/src.c.o  -o cmTC_42d26 
/usr/bin/ld: CMakeFiles/cmTC_42d26.dir/src.c.o: in function `main':
src.c:(.text+0x46): undefined reference to `pthread_create'
/usr/bin/ld: src.c:(.text+0x52): undefined reference to `pthread_detach'
/usr/bin/ld: src.c:(.text+0x63): undefined reference to `pthread_join'
collect2: error: ld returned 1 exit status
make[1]: *** [CMakeFiles/cmTC_42d26.dir/build.make:87: cmTC_42d26] Error 1
make[1]: Leaving directory '/home/corso/ws_moveit/src/maze_runner/build/CMakeFiles/CMakeTmp'
make: *** [Makefile:121: cmTC_42d26/fast] Error 2


Source file was:
#include <pthread.h>

void* test_func(void* data)
{
  return data;
}

int main(void)
{
  pthread_t thread;
  pthread_create(&thread, NULL, test_func, NULL);
  pthread_detach(thread);
  pthread_join(thread, NULL);
  pthread_atfork(NULL, NULL, NULL);
  pthread_exit(NULL);

  return 0;
}

Determining if the function pthread_create exists in the pthreads failed with the following output:
Change Dir: /home/corso/ws_moveit/src/maze_runner/build/CMakeFiles/CMakeTmp

Run Build Command(s):/usr/bin/make cmTC_e6322/fast && /usr/bin/make -f CMakeFiles/cmTC_e6322.dir/build.make CMakeFiles/cmTC_e6322.dir/build
make[1]: Entering directory '/home/corso/ws_moveit/src/maze_runner/build/CMakeFiles/CMakeTmp'
Building C object CMakeFiles/cmTC_e6322.dir/CheckFunctionExists.c.o
/usr/bin/cc   -DCHECK_FUNCTION_EXISTS=pthread_create   -o CMakeFiles/cmTC_e6322.dir/CheckFunctionExists.c.o   -c /usr/share/cmake-3.16/Modules/CheckFunctionExists.c
Linking C executable cmTC_e6322
/usr/bin/cmake -E cmake_link_script CMakeFiles/cmTC_e6322.dir/link.txt --verbose=1
/usr/bin/cc  -DCHECK_FUNCTION_EXISTS=pthread_create    -rdynamic CMakeFiles/cmTC_e6322.dir/CheckFunctionExists.c.o  -o cmTC_e6322  -lpthreads 
/usr/bin/ld: cannot find -lpthreads
collect2: error: ld returned 1 exit status
make[1]: *** [CMakeFiles/cmTC_e6322.dir/build.make:87: cmTC_e6322] Error 1
make[1]: Leaving directory '/home/corso/ws_moveit/src/maze_runner/build/CMakeFiles/CMakeTmp'
make: *** [Makefile:121: cmTC_e6322/fast] Error 2



Performing C SOURCE FILE Test CMAKE_HAVE_LIBC_PTHREAD failed with the following output:
Change Dir: /home/corso/ws_moveit/src/maze_runner/build/CMakeFiles/CMakeTmp

Run Build Command(s):/usr/bin/make cmTC_ee67c/fast && /usr/bin/make -f CMakeFiles/cmTC_ee67c.dir/build.make CMakeFiles/cmTC_ee67c.dir/build
make[1]: Entering directory '/home/corso/ws_moveit/src/maze_runner/build/CMakeFiles/CMakeTmp'
Building C object CMakeFiles/cmTC_ee67c.dir/src.c.o
/usr/bin/cc   -DCMAKE_HAVE_LIBC_PTHREAD   -o CMakeFiles/cmTC_ee67c.dir/src.c.o   -c /home/corso/ws_moveit/src/maze_runner/build/CMakeFiles/CMakeTmp/src.c
Linking C executable cmTC_ee67c
/usr/bin/cmake -E cmake_link_script CMakeFiles/cmTC_ee67c.dir/link.txt --verbose=1
/usr/bin/cc  -DCMAKE_HAVE_LIBC_PTHREAD    -rdynamic CMakeFiles/cmTC_ee67c.dir/src.c.o  -o cmTC_ee67c 
/usr/bin/ld: CMakeFiles/cmTC_ee67c.dir/src.c.o: in function `main':
src.c:(.text+0x46): undefined reference to `pthread_create'
/usr/bin/ld: src.c:(.text+0x52): undefined reference to `pthread_detach'
/usr/bin/ld: src.c:(.text+0x63): undefined reference to `pthread_join'
collect2: error: ld returned 1 exit status
make[1]: *** [CMakeFiles/cmTC_ee67c.dir/build.make:87: cmTC_ee67c] Error 1
make[1]: Leaving directory '/home/corso/ws_moveit/src/maze_runner/build/CMakeFiles/CMakeTmp'
make: *** [Makefile:121: cmTC_ee67c/fast] Error 2


Source file was:
#include <pthread.h>

void* test_func(void* data)
{
  return data;
}

int main(void)
{
  pthread_t thread;
  pthread_create(&thread, NULL, test_func, NULL);
  pthread_detach(thread);
  pthread_join(thread, NULL);
  pthread_atfork(NULL, NULL, NULL);
  pthread_exit(NULL);

  return 0;
}

Determining if the function pthread_create exists in the pthreads failed with the following output:
Change Dir: /home/corso/ws_moveit/src/maze_runner/build/CMakeFiles/CMakeTmp

Run Build Command(s):/usr/bin/make cmTC_cbdfe/fast && /usr/bin/make -f CMakeFiles/cmTC_cbdfe.dir/build.make CMakeFiles/cmTC_cbdfe.dir/build
make[1]: Entering directory '/home/corso/ws_moveit/src/maze_runner/build/CMakeFiles/CMakeTmp'
Building C object CMakeFiles/cmTC_cbdfe.dir/CheckFunctionExists.c.o
/usr/bin/cc   -DCHECK_FUNCTION_EXISTS=pthread_create   -o CMakeFiles/cmTC_cbdfe.dir/CheckFunctionExists.c.o   -c /usr/share/cmake-3.16/Modules/CheckFunctionExists.c
Linking C executable cmTC_cbdfe
/usr/bin/cmake -E cmake_link_script CMakeFiles/cmTC_cbdfe.dir/link.txt --verbose=1
/usr/bin/cc  -DCHECK_FUNCTION_EXISTS=pthread_create    -rdynamic CMakeFiles/cmTC_cbdfe.dir/CheckFunctionExists.c.o  -o cmTC_cbdfe  -lpthreads 
/usr/bin/ld: cannot find -lpthreads
collect2: error: ld returned 1 exit status
make[1]: *** [CMakeFiles/cmTC_cbdfe.dir/build.make:87: cmTC_cbdfe] Error 1
make[1]: Leaving directory '/home/corso/ws_moveit/src/maze_runner/build/CMakeFiles/CMakeTmp'
make: *** [Makefile:121: cmTC_cbdfe/fast] Error 2



Performing C SOURCE FILE Test CMAKE_HAVE_LIBC_PTHREAD failed with the following output:
Change Dir: /home/corso/ws_moveit/src/maze_runner/build/CMakeFiles/CMakeTmp

Run Build Command(s):/usr/bin/make cmTC_b6380/fast && /usr/bin/make -f CMakeFiles/cmTC_b6380.dir/build.make CMakeFiles/cmTC_b6380.dir/build
make[1]: Entering directory '/home/corso/ws_moveit/src/maze_runner/build/CMakeFiles/CMakeTmp'
Building C object CMakeFiles/cmTC_b6380.dir/src.c.o
/usr/bin/cc   -DCMAKE_HAVE_LIBC_PTHREAD   -o CMakeFiles/cmTC_b6380.dir/src.c.o   -c /home/corso/ws_moveit/src/maze_runner/build/CMakeFiles/CMakeTmp/src.c
Linking C executable cmTC_b6380
/usr/bin/cmake -E cmake_link_script CMakeFiles/cmTC_b6380.dir/link.txt --verbose=1
/usr/bin/cc  -DCMAKE_HAVE_LIBC_PTHREAD    -rdynamic CMakeFiles/cmTC_b6380.dir/src.c.o  -o cmTC_b6380 
/usr/bin/ld: CMakeFiles/cmTC_b6380.dir/src.c.o: in function `main':
src.c:(.text+0x46): undefined reference to `pthread_create'
/usr/bin/ld: src.c:(.text+0x52): undefined reference to `pthread_detach'
/usr/bin/ld: src.c:(.text+0x63): undefined reference to `pthread_join'
collect2: error: ld returned 1 exit status
make[1]: *** [CMakeFiles/cmTC_b6380.dir/build.make:87: cmTC_b6380] Error 1
make[1]: Leaving directory '/home/corso/ws_moveit/src/maze_runner/build/CMakeFiles/CMakeTmp'
make: *** [Makefile:121: cmTC_b6380/fast] Error 2


Source file was:
#include <pthread.h>

void* test_func(void* data)
{
  return data;
}

int main(void)
{
  pthread_t thread;
  pthread_create(&thread, NULL, test_func, NULL);
  pthread_detach(thread);
  pthread_join(thread, NULL);
  pthread_atfork(NULL, NULL, NULL);
  pthread_exit(NULL);

  return 0;
}

Determining if the function pthread_create exists in the pthreads failed with the following output:
Change Dir: /home/corso/ws_moveit/src/maze_runner/build/CMakeFiles/CMakeTmp

Run Build Command(s):/usr/bin/make cmTC_3e897/fast && /usr/bin/make -f CMakeFiles/cmTC_3e897.dir/build.make CMakeFiles/cmTC_3e897.dir/build
make[1]: Entering directory '/home/corso/ws_moveit/src/maze_runner/build/CMakeFiles/CMakeTmp'
Building C object CMakeFiles/cmTC_3e897.dir/CheckFunctionExists.c.o
/usr/bin/cc   -DCHECK_FUNCTION_EXISTS=pthread_create   -o CMakeFiles/cmTC_3e897.dir/CheckFunctionExists.c.o   -c /usr/share/cmake-3.16/Modules/CheckFunctionExists.c
Linking C executable cmTC_3e897
/usr/bin/cmake -E cmake_link_script CMakeFiles/cmTC_3e897.dir/link.txt --verbose=1
/usr/bin/cc  -DCHECK_FUNCTION_EXISTS=pthread_create    -rdynamic CMakeFiles/cmTC_3e897.dir/CheckFunctionExists.c.o  -o cmTC_3e897  -lpthreads 
/usr/bin/ld: cannot find -lpthreads
collect2: error: ld returned 1 exit status
make[1]: *** [CMakeFiles/cmTC_3e897.dir/build.make:87: cmTC_3e897] Error 1
make[1]: Leaving directory '/home/corso/ws_moveit/src/maze_runner/build/CMakeFiles/CMakeTmp'
make: *** [Makefile:121: cmTC_3e897/fast] Error 2



