Performing C SOURCE FILE Test CMAKE_HAVE_LIBC_PTHREAD failed with the following output:
Change Dir: /home/corso/catkin_ws/src/maze_runner/build/CMakeFiles/CMakeTmp

Run Build Command(s):/usr/bin/make cmTC_91842/fast && /usr/bin/make -f CMakeFiles/cmTC_91842.dir/build.make CMakeFiles/cmTC_91842.dir/build
make[1]: Entering directory '/home/corso/catkin_ws/src/maze_runner/build/CMakeFiles/CMakeTmp'
Building C object CMakeFiles/cmTC_91842.dir/src.c.o
/usr/bin/cc   -DCMAKE_HAVE_LIBC_PTHREAD   -o CMakeFiles/cmTC_91842.dir/src.c.o   -c /home/corso/catkin_ws/src/maze_runner/build/CMakeFiles/CMakeTmp/src.c
Linking C executable cmTC_91842
/usr/bin/cmake -E cmake_link_script CMakeFiles/cmTC_91842.dir/link.txt --verbose=1
/usr/bin/cc  -DCMAKE_HAVE_LIBC_PTHREAD    -rdynamic CMakeFiles/cmTC_91842.dir/src.c.o  -o cmTC_91842 
/usr/bin/ld: CMakeFiles/cmTC_91842.dir/src.c.o: in function `main':
src.c:(.text+0x46): undefined reference to `pthread_create'
/usr/bin/ld: src.c:(.text+0x52): undefined reference to `pthread_detach'
/usr/bin/ld: src.c:(.text+0x63): undefined reference to `pthread_join'
collect2: error: ld returned 1 exit status
make[1]: *** [CMakeFiles/cmTC_91842.dir/build.make:87: cmTC_91842] Error 1
make[1]: Leaving directory '/home/corso/catkin_ws/src/maze_runner/build/CMakeFiles/CMakeTmp'
make: *** [Makefile:121: cmTC_91842/fast] Error 2


Source file was:
#include <pthread.h>

void* test_func(void* data)
{
  return data;
}

int main(void)
{
  pthread_t thread;
  pthread_create(&thread, NULL, test_func, NULL);
  pthread_detach(thread);
  pthread_join(thread, NULL);
  pthread_atfork(NULL, NULL, NULL);
  pthread_exit(NULL);

  return 0;
}

Determining if the function pthread_create exists in the pthreads failed with the following output:
Change Dir: /home/corso/catkin_ws/src/maze_runner/build/CMakeFiles/CMakeTmp

Run Build Command(s):/usr/bin/make cmTC_65551/fast && /usr/bin/make -f CMakeFiles/cmTC_65551.dir/build.make CMakeFiles/cmTC_65551.dir/build
make[1]: Entering directory '/home/corso/catkin_ws/src/maze_runner/build/CMakeFiles/CMakeTmp'
Building C object CMakeFiles/cmTC_65551.dir/CheckFunctionExists.c.o
/usr/bin/cc   -DCHECK_FUNCTION_EXISTS=pthread_create   -o CMakeFiles/cmTC_65551.dir/CheckFunctionExists.c.o   -c /usr/share/cmake-3.16/Modules/CheckFunctionExists.c
Linking C executable cmTC_65551
/usr/bin/cmake -E cmake_link_script CMakeFiles/cmTC_65551.dir/link.txt --verbose=1
/usr/bin/cc  -DCHECK_FUNCTION_EXISTS=pthread_create    -rdynamic CMakeFiles/cmTC_65551.dir/CheckFunctionExists.c.o  -o cmTC_65551  -lpthreads 
/usr/bin/ld: cannot find -lpthreads
collect2: error: ld returned 1 exit status
make[1]: *** [CMakeFiles/cmTC_65551.dir/build.make:87: cmTC_65551] Error 1
make[1]: Leaving directory '/home/corso/catkin_ws/src/maze_runner/build/CMakeFiles/CMakeTmp'
make: *** [Makefile:121: cmTC_65551/fast] Error 2



Performing C SOURCE FILE Test CMAKE_HAVE_LIBC_PTHREAD failed with the following output:
Change Dir: /home/corso/catkin_ws/src/maze_runner/build/CMakeFiles/CMakeTmp

Run Build Command(s):/usr/bin/make cmTC_1973d/fast && /usr/bin/make -f CMakeFiles/cmTC_1973d.dir/build.make CMakeFiles/cmTC_1973d.dir/build
make[1]: Entering directory '/home/corso/catkin_ws/src/maze_runner/build/CMakeFiles/CMakeTmp'
Building C object CMakeFiles/cmTC_1973d.dir/src.c.o
/usr/bin/cc   -DCMAKE_HAVE_LIBC_PTHREAD   -o CMakeFiles/cmTC_1973d.dir/src.c.o   -c /home/corso/catkin_ws/src/maze_runner/build/CMakeFiles/CMakeTmp/src.c
Linking C executable cmTC_1973d
/usr/bin/cmake -E cmake_link_script CMakeFiles/cmTC_1973d.dir/link.txt --verbose=1
/usr/bin/cc  -DCMAKE_HAVE_LIBC_PTHREAD    -rdynamic CMakeFiles/cmTC_1973d.dir/src.c.o  -o cmTC_1973d 
/usr/bin/ld: CMakeFiles/cmTC_1973d.dir/src.c.o: in function `main':
src.c:(.text+0x46): undefined reference to `pthread_create'
/usr/bin/ld: src.c:(.text+0x52): undefined reference to `pthread_detach'
/usr/bin/ld: src.c:(.text+0x63): undefined reference to `pthread_join'
collect2: error: ld returned 1 exit status
make[1]: *** [CMakeFiles/cmTC_1973d.dir/build.make:87: cmTC_1973d] Error 1
make[1]: Leaving directory '/home/corso/catkin_ws/src/maze_runner/build/CMakeFiles/CMakeTmp'
make: *** [Makefile:121: cmTC_1973d/fast] Error 2


Source file was:
#include <pthread.h>

void* test_func(void* data)
{
  return data;
}

int main(void)
{
  pthread_t thread;
  pthread_create(&thread, NULL, test_func, NULL);
  pthread_detach(thread);
  pthread_join(thread, NULL);
  pthread_atfork(NULL, NULL, NULL);
  pthread_exit(NULL);

  return 0;
}

Determining if the function pthread_create exists in the pthreads failed with the following output:
Change Dir: /home/corso/catkin_ws/src/maze_runner/build/CMakeFiles/CMakeTmp

Run Build Command(s):/usr/bin/make cmTC_2b71b/fast && /usr/bin/make -f CMakeFiles/cmTC_2b71b.dir/build.make CMakeFiles/cmTC_2b71b.dir/build
make[1]: Entering directory '/home/corso/catkin_ws/src/maze_runner/build/CMakeFiles/CMakeTmp'
Building C object CMakeFiles/cmTC_2b71b.dir/CheckFunctionExists.c.o
/usr/bin/cc   -DCHECK_FUNCTION_EXISTS=pthread_create   -o CMakeFiles/cmTC_2b71b.dir/CheckFunctionExists.c.o   -c /usr/share/cmake-3.16/Modules/CheckFunctionExists.c
Linking C executable cmTC_2b71b
/usr/bin/cmake -E cmake_link_script CMakeFiles/cmTC_2b71b.dir/link.txt --verbose=1
/usr/bin/cc  -DCHECK_FUNCTION_EXISTS=pthread_create    -rdynamic CMakeFiles/cmTC_2b71b.dir/CheckFunctionExists.c.o  -o cmTC_2b71b  -lpthreads 
/usr/bin/ld: cannot find -lpthreads
collect2: error: ld returned 1 exit status
make[1]: *** [CMakeFiles/cmTC_2b71b.dir/build.make:87: cmTC_2b71b] Error 1
make[1]: Leaving directory '/home/corso/catkin_ws/src/maze_runner/build/CMakeFiles/CMakeTmp'
make: *** [Makefile:121: cmTC_2b71b/fast] Error 2



Performing C SOURCE FILE Test CMAKE_HAVE_LIBC_PTHREAD failed with the following output:
Change Dir: /home/corso/catkin_ws/src/maze_runner/build/CMakeFiles/CMakeTmp

Run Build Command(s):/usr/bin/make cmTC_76aae/fast && /usr/bin/make -f CMakeFiles/cmTC_76aae.dir/build.make CMakeFiles/cmTC_76aae.dir/build
make[1]: Entering directory '/home/corso/catkin_ws/src/maze_runner/build/CMakeFiles/CMakeTmp'
Building C object CMakeFiles/cmTC_76aae.dir/src.c.o
/usr/bin/cc   -DCMAKE_HAVE_LIBC_PTHREAD   -o CMakeFiles/cmTC_76aae.dir/src.c.o   -c /home/corso/catkin_ws/src/maze_runner/build/CMakeFiles/CMakeTmp/src.c
Linking C executable cmTC_76aae
/usr/bin/cmake -E cmake_link_script CMakeFiles/cmTC_76aae.dir/link.txt --verbose=1
/usr/bin/cc  -DCMAKE_HAVE_LIBC_PTHREAD    -rdynamic CMakeFiles/cmTC_76aae.dir/src.c.o  -o cmTC_76aae 
/usr/bin/ld: CMakeFiles/cmTC_76aae.dir/src.c.o: in function `main':
src.c:(.text+0x46): undefined reference to `pthread_create'
/usr/bin/ld: src.c:(.text+0x52): undefined reference to `pthread_detach'
/usr/bin/ld: src.c:(.text+0x63): undefined reference to `pthread_join'
collect2: error: ld returned 1 exit status
make[1]: *** [CMakeFiles/cmTC_76aae.dir/build.make:87: cmTC_76aae] Error 1
make[1]: Leaving directory '/home/corso/catkin_ws/src/maze_runner/build/CMakeFiles/CMakeTmp'
make: *** [Makefile:121: cmTC_76aae/fast] Error 2


Source file was:
#include <pthread.h>

void* test_func(void* data)
{
  return data;
}

int main(void)
{
  pthread_t thread;
  pthread_create(&thread, NULL, test_func, NULL);
  pthread_detach(thread);
  pthread_join(thread, NULL);
  pthread_atfork(NULL, NULL, NULL);
  pthread_exit(NULL);

  return 0;
}

Determining if the function pthread_create exists in the pthreads failed with the following output:
Change Dir: /home/corso/catkin_ws/src/maze_runner/build/CMakeFiles/CMakeTmp

Run Build Command(s):/usr/bin/make cmTC_f8259/fast && /usr/bin/make -f CMakeFiles/cmTC_f8259.dir/build.make CMakeFiles/cmTC_f8259.dir/build
make[1]: Entering directory '/home/corso/catkin_ws/src/maze_runner/build/CMakeFiles/CMakeTmp'
Building C object CMakeFiles/cmTC_f8259.dir/CheckFunctionExists.c.o
/usr/bin/cc   -DCHECK_FUNCTION_EXISTS=pthread_create   -o CMakeFiles/cmTC_f8259.dir/CheckFunctionExists.c.o   -c /usr/share/cmake-3.16/Modules/CheckFunctionExists.c
Linking C executable cmTC_f8259
/usr/bin/cmake -E cmake_link_script CMakeFiles/cmTC_f8259.dir/link.txt --verbose=1
/usr/bin/cc  -DCHECK_FUNCTION_EXISTS=pthread_create    -rdynamic CMakeFiles/cmTC_f8259.dir/CheckFunctionExists.c.o  -o cmTC_f8259  -lpthreads 
/usr/bin/ld: cannot find -lpthreads
collect2: error: ld returned 1 exit status
make[1]: *** [CMakeFiles/cmTC_f8259.dir/build.make:87: cmTC_f8259] Error 1
make[1]: Leaving directory '/home/corso/catkin_ws/src/maze_runner/build/CMakeFiles/CMakeTmp'
make: *** [Makefile:121: cmTC_f8259/fast] Error 2



Performing C SOURCE FILE Test CMAKE_HAVE_LIBC_PTHREAD failed with the following output:
Change Dir: /home/corso/catkin_ws/src/maze_runner/build/CMakeFiles/CMakeTmp

Run Build Command(s):/usr/bin/make cmTC_f6b24/fast && /usr/bin/make -f CMakeFiles/cmTC_f6b24.dir/build.make CMakeFiles/cmTC_f6b24.dir/build
make[1]: Entering directory '/home/corso/catkin_ws/src/maze_runner/build/CMakeFiles/CMakeTmp'
Building C object CMakeFiles/cmTC_f6b24.dir/src.c.o
/usr/bin/cc   -DCMAKE_HAVE_LIBC_PTHREAD   -o CMakeFiles/cmTC_f6b24.dir/src.c.o   -c /home/corso/catkin_ws/src/maze_runner/build/CMakeFiles/CMakeTmp/src.c
Linking C executable cmTC_f6b24
/usr/bin/cmake -E cmake_link_script CMakeFiles/cmTC_f6b24.dir/link.txt --verbose=1
/usr/bin/cc  -DCMAKE_HAVE_LIBC_PTHREAD    -rdynamic CMakeFiles/cmTC_f6b24.dir/src.c.o  -o cmTC_f6b24 
/usr/bin/ld: CMakeFiles/cmTC_f6b24.dir/src.c.o: in function `main':
src.c:(.text+0x46): undefined reference to `pthread_create'
/usr/bin/ld: src.c:(.text+0x52): undefined reference to `pthread_detach'
/usr/bin/ld: src.c:(.text+0x63): undefined reference to `pthread_join'
collect2: error: ld returned 1 exit status
make[1]: *** [CMakeFiles/cmTC_f6b24.dir/build.make:87: cmTC_f6b24] Error 1
make[1]: Leaving directory '/home/corso/catkin_ws/src/maze_runner/build/CMakeFiles/CMakeTmp'
make: *** [Makefile:121: cmTC_f6b24/fast] Error 2


Source file was:
#include <pthread.h>

void* test_func(void* data)
{
  return data;
}

int main(void)
{
  pthread_t thread;
  pthread_create(&thread, NULL, test_func, NULL);
  pthread_detach(thread);
  pthread_join(thread, NULL);
  pthread_atfork(NULL, NULL, NULL);
  pthread_exit(NULL);

  return 0;
}

Determining if the function pthread_create exists in the pthreads failed with the following output:
Change Dir: /home/corso/catkin_ws/src/maze_runner/build/CMakeFiles/CMakeTmp

Run Build Command(s):/usr/bin/make cmTC_99060/fast && /usr/bin/make -f CMakeFiles/cmTC_99060.dir/build.make CMakeFiles/cmTC_99060.dir/build
make[1]: Entering directory '/home/corso/catkin_ws/src/maze_runner/build/CMakeFiles/CMakeTmp'
Building C object CMakeFiles/cmTC_99060.dir/CheckFunctionExists.c.o
/usr/bin/cc   -DCHECK_FUNCTION_EXISTS=pthread_create   -o CMakeFiles/cmTC_99060.dir/CheckFunctionExists.c.o   -c /usr/share/cmake-3.16/Modules/CheckFunctionExists.c
Linking C executable cmTC_99060
/usr/bin/cmake -E cmake_link_script CMakeFiles/cmTC_99060.dir/link.txt --verbose=1
/usr/bin/cc  -DCHECK_FUNCTION_EXISTS=pthread_create    -rdynamic CMakeFiles/cmTC_99060.dir/CheckFunctionExists.c.o  -o cmTC_99060  -lpthreads 
/usr/bin/ld: cannot find -lpthreads
collect2: error: ld returned 1 exit status
make[1]: *** [CMakeFiles/cmTC_99060.dir/build.make:87: cmTC_99060] Error 1
make[1]: Leaving directory '/home/corso/catkin_ws/src/maze_runner/build/CMakeFiles/CMakeTmp'
make: *** [Makefile:121: cmTC_99060/fast] Error 2



Performing C SOURCE FILE Test CMAKE_HAVE_LIBC_PTHREAD failed with the following output:
Change Dir: /home/corso/catkin_ws/src/maze_runner/build/CMakeFiles/CMakeTmp

Run Build Command(s):/usr/bin/make cmTC_1b9fe/fast && /usr/bin/make -f CMakeFiles/cmTC_1b9fe.dir/build.make CMakeFiles/cmTC_1b9fe.dir/build
make[1]: Entering directory '/home/corso/catkin_ws/src/maze_runner/build/CMakeFiles/CMakeTmp'
Building C object CMakeFiles/cmTC_1b9fe.dir/src.c.o
/usr/bin/cc   -DCMAKE_HAVE_LIBC_PTHREAD   -o CMakeFiles/cmTC_1b9fe.dir/src.c.o   -c /home/corso/catkin_ws/src/maze_runner/build/CMakeFiles/CMakeTmp/src.c
Linking C executable cmTC_1b9fe
/usr/bin/cmake -E cmake_link_script CMakeFiles/cmTC_1b9fe.dir/link.txt --verbose=1
/usr/bin/cc  -DCMAKE_HAVE_LIBC_PTHREAD    -rdynamic CMakeFiles/cmTC_1b9fe.dir/src.c.o  -o cmTC_1b9fe 
/usr/bin/ld: CMakeFiles/cmTC_1b9fe.dir/src.c.o: in function `main':
src.c:(.text+0x46): undefined reference to `pthread_create'
/usr/bin/ld: src.c:(.text+0x52): undefined reference to `pthread_detach'
/usr/bin/ld: src.c:(.text+0x63): undefined reference to `pthread_join'
collect2: error: ld returned 1 exit status
make[1]: *** [CMakeFiles/cmTC_1b9fe.dir/build.make:87: cmTC_1b9fe] Error 1
make[1]: Leaving directory '/home/corso/catkin_ws/src/maze_runner/build/CMakeFiles/CMakeTmp'
make: *** [Makefile:121: cmTC_1b9fe/fast] Error 2


Source file was:
#include <pthread.h>

void* test_func(void* data)
{
  return data;
}

int main(void)
{
  pthread_t thread;
  pthread_create(&thread, NULL, test_func, NULL);
  pthread_detach(thread);
  pthread_join(thread, NULL);
  pthread_atfork(NULL, NULL, NULL);
  pthread_exit(NULL);

  return 0;
}

Determining if the function pthread_create exists in the pthreads failed with the following output:
Change Dir: /home/corso/catkin_ws/src/maze_runner/build/CMakeFiles/CMakeTmp

Run Build Command(s):/usr/bin/make cmTC_241c6/fast && /usr/bin/make -f CMakeFiles/cmTC_241c6.dir/build.make CMakeFiles/cmTC_241c6.dir/build
make[1]: Entering directory '/home/corso/catkin_ws/src/maze_runner/build/CMakeFiles/CMakeTmp'
Building C object CMakeFiles/cmTC_241c6.dir/CheckFunctionExists.c.o
/usr/bin/cc   -DCHECK_FUNCTION_EXISTS=pthread_create   -o CMakeFiles/cmTC_241c6.dir/CheckFunctionExists.c.o   -c /usr/share/cmake-3.16/Modules/CheckFunctionExists.c
Linking C executable cmTC_241c6
/usr/bin/cmake -E cmake_link_script CMakeFiles/cmTC_241c6.dir/link.txt --verbose=1
/usr/bin/cc  -DCHECK_FUNCTION_EXISTS=pthread_create    -rdynamic CMakeFiles/cmTC_241c6.dir/CheckFunctionExists.c.o  -o cmTC_241c6  -lpthreads 
/usr/bin/ld: cannot find -lpthreads
collect2: error: ld returned 1 exit status
make[1]: *** [CMakeFiles/cmTC_241c6.dir/build.make:87: cmTC_241c6] Error 1
make[1]: Leaving directory '/home/corso/catkin_ws/src/maze_runner/build/CMakeFiles/CMakeTmp'
make: *** [Makefile:121: cmTC_241c6/fast] Error 2



Performing C SOURCE FILE Test CMAKE_HAVE_LIBC_PTHREAD failed with the following output:
Change Dir: /home/corso/catkin_ws/src/maze_runner/build/CMakeFiles/CMakeTmp

Run Build Command(s):/usr/bin/make cmTC_fa162/fast && /usr/bin/make -f CMakeFiles/cmTC_fa162.dir/build.make CMakeFiles/cmTC_fa162.dir/build
make[1]: Entering directory '/home/corso/catkin_ws/src/maze_runner/build/CMakeFiles/CMakeTmp'
Building C object CMakeFiles/cmTC_fa162.dir/src.c.o
/usr/bin/cc   -DCMAKE_HAVE_LIBC_PTHREAD   -o CMakeFiles/cmTC_fa162.dir/src.c.o   -c /home/corso/catkin_ws/src/maze_runner/build/CMakeFiles/CMakeTmp/src.c
Linking C executable cmTC_fa162
/usr/bin/cmake -E cmake_link_script CMakeFiles/cmTC_fa162.dir/link.txt --verbose=1
/usr/bin/cc  -DCMAKE_HAVE_LIBC_PTHREAD    -rdynamic CMakeFiles/cmTC_fa162.dir/src.c.o  -o cmTC_fa162 
/usr/bin/ld: CMakeFiles/cmTC_fa162.dir/src.c.o: in function `main':
src.c:(.text+0x46): undefined reference to `pthread_create'
/usr/bin/ld: src.c:(.text+0x52): undefined reference to `pthread_detach'
/usr/bin/ld: src.c:(.text+0x63): undefined reference to `pthread_join'
collect2: error: ld returned 1 exit status
make[1]: *** [CMakeFiles/cmTC_fa162.dir/build.make:87: cmTC_fa162] Error 1
make[1]: Leaving directory '/home/corso/catkin_ws/src/maze_runner/build/CMakeFiles/CMakeTmp'
make: *** [Makefile:121: cmTC_fa162/fast] Error 2


Source file was:
#include <pthread.h>

void* test_func(void* data)
{
  return data;
}

int main(void)
{
  pthread_t thread;
  pthread_create(&thread, NULL, test_func, NULL);
  pthread_detach(thread);
  pthread_join(thread, NULL);
  pthread_atfork(NULL, NULL, NULL);
  pthread_exit(NULL);

  return 0;
}

Determining if the function pthread_create exists in the pthreads failed with the following output:
Change Dir: /home/corso/catkin_ws/src/maze_runner/build/CMakeFiles/CMakeTmp

Run Build Command(s):/usr/bin/make cmTC_c19b4/fast && /usr/bin/make -f CMakeFiles/cmTC_c19b4.dir/build.make CMakeFiles/cmTC_c19b4.dir/build
make[1]: Entering directory '/home/corso/catkin_ws/src/maze_runner/build/CMakeFiles/CMakeTmp'
Building C object CMakeFiles/cmTC_c19b4.dir/CheckFunctionExists.c.o
/usr/bin/cc   -DCHECK_FUNCTION_EXISTS=pthread_create   -o CMakeFiles/cmTC_c19b4.dir/CheckFunctionExists.c.o   -c /usr/share/cmake-3.16/Modules/CheckFunctionExists.c
Linking C executable cmTC_c19b4
/usr/bin/cmake -E cmake_link_script CMakeFiles/cmTC_c19b4.dir/link.txt --verbose=1
/usr/bin/cc  -DCHECK_FUNCTION_EXISTS=pthread_create    -rdynamic CMakeFiles/cmTC_c19b4.dir/CheckFunctionExists.c.o  -o cmTC_c19b4  -lpthreads 
/usr/bin/ld: cannot find -lpthreads
collect2: error: ld returned 1 exit status
make[1]: *** [CMakeFiles/cmTC_c19b4.dir/build.make:87: cmTC_c19b4] Error 1
make[1]: Leaving directory '/home/corso/catkin_ws/src/maze_runner/build/CMakeFiles/CMakeTmp'
make: *** [Makefile:121: cmTC_c19b4/fast] Error 2



Performing C SOURCE FILE Test CMAKE_HAVE_LIBC_PTHREAD failed with the following output:
Change Dir: /home/corso/catkin_ws/src/maze_runner/build/CMakeFiles/CMakeTmp

Run Build Command(s):/usr/bin/make cmTC_3c2a5/fast && /usr/bin/make -f CMakeFiles/cmTC_3c2a5.dir/build.make CMakeFiles/cmTC_3c2a5.dir/build
make[1]: Entering directory '/home/corso/catkin_ws/src/maze_runner/build/CMakeFiles/CMakeTmp'
Building C object CMakeFiles/cmTC_3c2a5.dir/src.c.o
/usr/bin/cc   -DCMAKE_HAVE_LIBC_PTHREAD   -o CMakeFiles/cmTC_3c2a5.dir/src.c.o   -c /home/corso/catkin_ws/src/maze_runner/build/CMakeFiles/CMakeTmp/src.c
Linking C executable cmTC_3c2a5
/usr/bin/cmake -E cmake_link_script CMakeFiles/cmTC_3c2a5.dir/link.txt --verbose=1
/usr/bin/cc  -DCMAKE_HAVE_LIBC_PTHREAD    -rdynamic CMakeFiles/cmTC_3c2a5.dir/src.c.o  -o cmTC_3c2a5 
/usr/bin/ld: CMakeFiles/cmTC_3c2a5.dir/src.c.o: in function `main':
src.c:(.text+0x46): undefined reference to `pthread_create'
/usr/bin/ld: src.c:(.text+0x52): undefined reference to `pthread_detach'
/usr/bin/ld: src.c:(.text+0x63): undefined reference to `pthread_join'
collect2: error: ld returned 1 exit status
make[1]: *** [CMakeFiles/cmTC_3c2a5.dir/build.make:87: cmTC_3c2a5] Error 1
make[1]: Leaving directory '/home/corso/catkin_ws/src/maze_runner/build/CMakeFiles/CMakeTmp'
make: *** [Makefile:121: cmTC_3c2a5/fast] Error 2


Source file was:
#include <pthread.h>

void* test_func(void* data)
{
  return data;
}

int main(void)
{
  pthread_t thread;
  pthread_create(&thread, NULL, test_func, NULL);
  pthread_detach(thread);
  pthread_join(thread, NULL);
  pthread_atfork(NULL, NULL, NULL);
  pthread_exit(NULL);

  return 0;
}

Determining if the function pthread_create exists in the pthreads failed with the following output:
Change Dir: /home/corso/catkin_ws/src/maze_runner/build/CMakeFiles/CMakeTmp

Run Build Command(s):/usr/bin/make cmTC_faf4a/fast && /usr/bin/make -f CMakeFiles/cmTC_faf4a.dir/build.make CMakeFiles/cmTC_faf4a.dir/build
make[1]: Entering directory '/home/corso/catkin_ws/src/maze_runner/build/CMakeFiles/CMakeTmp'
Building C object CMakeFiles/cmTC_faf4a.dir/CheckFunctionExists.c.o
/usr/bin/cc   -DCHECK_FUNCTION_EXISTS=pthread_create   -o CMakeFiles/cmTC_faf4a.dir/CheckFunctionExists.c.o   -c /usr/share/cmake-3.16/Modules/CheckFunctionExists.c
Linking C executable cmTC_faf4a
/usr/bin/cmake -E cmake_link_script CMakeFiles/cmTC_faf4a.dir/link.txt --verbose=1
/usr/bin/cc  -DCHECK_FUNCTION_EXISTS=pthread_create    -rdynamic CMakeFiles/cmTC_faf4a.dir/CheckFunctionExists.c.o  -o cmTC_faf4a  -lpthreads 
/usr/bin/ld: cannot find -lpthreads
collect2: error: ld returned 1 exit status
make[1]: *** [CMakeFiles/cmTC_faf4a.dir/build.make:87: cmTC_faf4a] Error 1
make[1]: Leaving directory '/home/corso/catkin_ws/src/maze_runner/build/CMakeFiles/CMakeTmp'
make: *** [Makefile:121: cmTC_faf4a/fast] Error 2



Performing C SOURCE FILE Test CMAKE_HAVE_LIBC_PTHREAD failed with the following output:
Change Dir: /home/corso/catkin_ws/src/maze_runner/build/CMakeFiles/CMakeTmp

Run Build Command(s):/usr/bin/make cmTC_8c2b3/fast && /usr/bin/make -f CMakeFiles/cmTC_8c2b3.dir/build.make CMakeFiles/cmTC_8c2b3.dir/build
make[1]: Entering directory '/home/corso/catkin_ws/src/maze_runner/build/CMakeFiles/CMakeTmp'
Building C object CMakeFiles/cmTC_8c2b3.dir/src.c.o
/usr/bin/cc   -DCMAKE_HAVE_LIBC_PTHREAD   -o CMakeFiles/cmTC_8c2b3.dir/src.c.o   -c /home/corso/catkin_ws/src/maze_runner/build/CMakeFiles/CMakeTmp/src.c
Linking C executable cmTC_8c2b3
/usr/bin/cmake -E cmake_link_script CMakeFiles/cmTC_8c2b3.dir/link.txt --verbose=1
/usr/bin/cc  -DCMAKE_HAVE_LIBC_PTHREAD    -rdynamic CMakeFiles/cmTC_8c2b3.dir/src.c.o  -o cmTC_8c2b3 
/usr/bin/ld: CMakeFiles/cmTC_8c2b3.dir/src.c.o: in function `main':
src.c:(.text+0x46): undefined reference to `pthread_create'
/usr/bin/ld: src.c:(.text+0x52): undefined reference to `pthread_detach'
/usr/bin/ld: src.c:(.text+0x63): undefined reference to `pthread_join'
collect2: error: ld returned 1 exit status
make[1]: *** [CMakeFiles/cmTC_8c2b3.dir/build.make:87: cmTC_8c2b3] Error 1
make[1]: Leaving directory '/home/corso/catkin_ws/src/maze_runner/build/CMakeFiles/CMakeTmp'
make: *** [Makefile:121: cmTC_8c2b3/fast] Error 2


Source file was:
#include <pthread.h>

void* test_func(void* data)
{
  return data;
}

int main(void)
{
  pthread_t thread;
  pthread_create(&thread, NULL, test_func, NULL);
  pthread_detach(thread);
  pthread_join(thread, NULL);
  pthread_atfork(NULL, NULL, NULL);
  pthread_exit(NULL);

  return 0;
}

Determining if the function pthread_create exists in the pthreads failed with the following output:
Change Dir: /home/corso/catkin_ws/src/maze_runner/build/CMakeFiles/CMakeTmp

Run Build Command(s):/usr/bin/make cmTC_4a904/fast && /usr/bin/make -f CMakeFiles/cmTC_4a904.dir/build.make CMakeFiles/cmTC_4a904.dir/build
make[1]: Entering directory '/home/corso/catkin_ws/src/maze_runner/build/CMakeFiles/CMakeTmp'
Building C object CMakeFiles/cmTC_4a904.dir/CheckFunctionExists.c.o
/usr/bin/cc   -DCHECK_FUNCTION_EXISTS=pthread_create   -o CMakeFiles/cmTC_4a904.dir/CheckFunctionExists.c.o   -c /usr/share/cmake-3.16/Modules/CheckFunctionExists.c
Linking C executable cmTC_4a904
/usr/bin/cmake -E cmake_link_script CMakeFiles/cmTC_4a904.dir/link.txt --verbose=1
/usr/bin/cc  -DCHECK_FUNCTION_EXISTS=pthread_create    -rdynamic CMakeFiles/cmTC_4a904.dir/CheckFunctionExists.c.o  -o cmTC_4a904  -lpthreads 
/usr/bin/ld: cannot find -lpthreads
collect2: error: ld returned 1 exit status
make[1]: *** [CMakeFiles/cmTC_4a904.dir/build.make:87: cmTC_4a904] Error 1
make[1]: Leaving directory '/home/corso/catkin_ws/src/maze_runner/build/CMakeFiles/CMakeTmp'
make: *** [Makefile:121: cmTC_4a904/fast] Error 2



Performing C SOURCE FILE Test CMAKE_HAVE_LIBC_PTHREAD failed with the following output:
Change Dir: /home/corso/catkin_ws/src/maze_runner/build/CMakeFiles/CMakeTmp

Run Build Command(s):/usr/bin/make cmTC_26cf8/fast && /usr/bin/make -f CMakeFiles/cmTC_26cf8.dir/build.make CMakeFiles/cmTC_26cf8.dir/build
make[1]: Entering directory '/home/corso/catkin_ws/src/maze_runner/build/CMakeFiles/CMakeTmp'
Building C object CMakeFiles/cmTC_26cf8.dir/src.c.o
/usr/bin/cc   -DCMAKE_HAVE_LIBC_PTHREAD   -o CMakeFiles/cmTC_26cf8.dir/src.c.o   -c /home/corso/catkin_ws/src/maze_runner/build/CMakeFiles/CMakeTmp/src.c
Linking C executable cmTC_26cf8
/usr/bin/cmake -E cmake_link_script CMakeFiles/cmTC_26cf8.dir/link.txt --verbose=1
/usr/bin/cc  -DCMAKE_HAVE_LIBC_PTHREAD    -rdynamic CMakeFiles/cmTC_26cf8.dir/src.c.o  -o cmTC_26cf8 
/usr/bin/ld: CMakeFiles/cmTC_26cf8.dir/src.c.o: in function `main':
src.c:(.text+0x46): undefined reference to `pthread_create'
/usr/bin/ld: src.c:(.text+0x52): undefined reference to `pthread_detach'
/usr/bin/ld: src.c:(.text+0x63): undefined reference to `pthread_join'
collect2: error: ld returned 1 exit status
make[1]: *** [CMakeFiles/cmTC_26cf8.dir/build.make:87: cmTC_26cf8] Error 1
make[1]: Leaving directory '/home/corso/catkin_ws/src/maze_runner/build/CMakeFiles/CMakeTmp'
make: *** [Makefile:121: cmTC_26cf8/fast] Error 2


Source file was:
#include <pthread.h>

void* test_func(void* data)
{
  return data;
}

int main(void)
{
  pthread_t thread;
  pthread_create(&thread, NULL, test_func, NULL);
  pthread_detach(thread);
  pthread_join(thread, NULL);
  pthread_atfork(NULL, NULL, NULL);
  pthread_exit(NULL);

  return 0;
}

Determining if the function pthread_create exists in the pthreads failed with the following output:
Change Dir: /home/corso/catkin_ws/src/maze_runner/build/CMakeFiles/CMakeTmp

Run Build Command(s):/usr/bin/make cmTC_06f9d/fast && /usr/bin/make -f CMakeFiles/cmTC_06f9d.dir/build.make CMakeFiles/cmTC_06f9d.dir/build
make[1]: Entering directory '/home/corso/catkin_ws/src/maze_runner/build/CMakeFiles/CMakeTmp'
Building C object CMakeFiles/cmTC_06f9d.dir/CheckFunctionExists.c.o
/usr/bin/cc   -DCHECK_FUNCTION_EXISTS=pthread_create   -o CMakeFiles/cmTC_06f9d.dir/CheckFunctionExists.c.o   -c /usr/share/cmake-3.16/Modules/CheckFunctionExists.c
Linking C executable cmTC_06f9d
/usr/bin/cmake -E cmake_link_script CMakeFiles/cmTC_06f9d.dir/link.txt --verbose=1
/usr/bin/cc  -DCHECK_FUNCTION_EXISTS=pthread_create    -rdynamic CMakeFiles/cmTC_06f9d.dir/CheckFunctionExists.c.o  -o cmTC_06f9d  -lpthreads 
/usr/bin/ld: cannot find -lpthreads
collect2: error: ld returned 1 exit status
make[1]: *** [CMakeFiles/cmTC_06f9d.dir/build.make:87: cmTC_06f9d] Error 1
make[1]: Leaving directory '/home/corso/catkin_ws/src/maze_runner/build/CMakeFiles/CMakeTmp'
make: *** [Makefile:121: cmTC_06f9d/fast] Error 2



Performing C SOURCE FILE Test CMAKE_HAVE_LIBC_PTHREAD failed with the following output:
Change Dir: /home/corso/catkin_ws/src/maze_runner/build/CMakeFiles/CMakeTmp

Run Build Command(s):/usr/bin/make cmTC_a0f1c/fast && /usr/bin/make -f CMakeFiles/cmTC_a0f1c.dir/build.make CMakeFiles/cmTC_a0f1c.dir/build
make[1]: Entering directory '/home/corso/catkin_ws/src/maze_runner/build/CMakeFiles/CMakeTmp'
Building C object CMakeFiles/cmTC_a0f1c.dir/src.c.o
/usr/bin/cc   -DCMAKE_HAVE_LIBC_PTHREAD   -o CMakeFiles/cmTC_a0f1c.dir/src.c.o   -c /home/corso/catkin_ws/src/maze_runner/build/CMakeFiles/CMakeTmp/src.c
Linking C executable cmTC_a0f1c
/usr/bin/cmake -E cmake_link_script CMakeFiles/cmTC_a0f1c.dir/link.txt --verbose=1
/usr/bin/cc  -DCMAKE_HAVE_LIBC_PTHREAD    -rdynamic CMakeFiles/cmTC_a0f1c.dir/src.c.o  -o cmTC_a0f1c 
/usr/bin/ld: CMakeFiles/cmTC_a0f1c.dir/src.c.o: in function `main':
src.c:(.text+0x46): undefined reference to `pthread_create'
/usr/bin/ld: src.c:(.text+0x52): undefined reference to `pthread_detach'
/usr/bin/ld: src.c:(.text+0x63): undefined reference to `pthread_join'
collect2: error: ld returned 1 exit status
make[1]: *** [CMakeFiles/cmTC_a0f1c.dir/build.make:87: cmTC_a0f1c] Error 1
make[1]: Leaving directory '/home/corso/catkin_ws/src/maze_runner/build/CMakeFiles/CMakeTmp'
make: *** [Makefile:121: cmTC_a0f1c/fast] Error 2


Source file was:
#include <pthread.h>

void* test_func(void* data)
{
  return data;
}

int main(void)
{
  pthread_t thread;
  pthread_create(&thread, NULL, test_func, NULL);
  pthread_detach(thread);
  pthread_join(thread, NULL);
  pthread_atfork(NULL, NULL, NULL);
  pthread_exit(NULL);

  return 0;
}

Determining if the function pthread_create exists in the pthreads failed with the following output:
Change Dir: /home/corso/catkin_ws/src/maze_runner/build/CMakeFiles/CMakeTmp

Run Build Command(s):/usr/bin/make cmTC_3b518/fast && /usr/bin/make -f CMakeFiles/cmTC_3b518.dir/build.make CMakeFiles/cmTC_3b518.dir/build
make[1]: Entering directory '/home/corso/catkin_ws/src/maze_runner/build/CMakeFiles/CMakeTmp'
Building C object CMakeFiles/cmTC_3b518.dir/CheckFunctionExists.c.o
/usr/bin/cc   -DCHECK_FUNCTION_EXISTS=pthread_create   -o CMakeFiles/cmTC_3b518.dir/CheckFunctionExists.c.o   -c /usr/share/cmake-3.16/Modules/CheckFunctionExists.c
Linking C executable cmTC_3b518
/usr/bin/cmake -E cmake_link_script CMakeFiles/cmTC_3b518.dir/link.txt --verbose=1
/usr/bin/cc  -DCHECK_FUNCTION_EXISTS=pthread_create    -rdynamic CMakeFiles/cmTC_3b518.dir/CheckFunctionExists.c.o  -o cmTC_3b518  -lpthreads 
/usr/bin/ld: cannot find -lpthreads
collect2: error: ld returned 1 exit status
make[1]: *** [CMakeFiles/cmTC_3b518.dir/build.make:87: cmTC_3b518] Error 1
make[1]: Leaving directory '/home/corso/catkin_ws/src/maze_runner/build/CMakeFiles/CMakeTmp'
make: *** [Makefile:121: cmTC_3b518/fast] Error 2



