Performing C SOURCE FILE Test CMAKE_HAVE_LIBC_PTHREAD failed with the following output:
Change Dir: /home/corso/ws_moveit/src/aruco_tracker/build/CMakeFiles/CMakeTmp

Run Build Command(s):/usr/bin/make cmTC_5690c/fast && /usr/bin/make -f CMakeFiles/cmTC_5690c.dir/build.make CMakeFiles/cmTC_5690c.dir/build
make[1]: Entering directory '/home/corso/ws_moveit/src/aruco_tracker/build/CMakeFiles/CMakeTmp'
Building C object CMakeFiles/cmTC_5690c.dir/src.c.o
/usr/bin/cc   -DCMAKE_HAVE_LIBC_PTHREAD   -o CMakeFiles/cmTC_5690c.dir/src.c.o   -c /home/corso/ws_moveit/src/aruco_tracker/build/CMakeFiles/CMakeTmp/src.c
Linking C executable cmTC_5690c
/usr/bin/cmake -E cmake_link_script CMakeFiles/cmTC_5690c.dir/link.txt --verbose=1
/usr/bin/cc  -DCMAKE_HAVE_LIBC_PTHREAD    -rdynamic CMakeFiles/cmTC_5690c.dir/src.c.o  -o cmTC_5690c 
/usr/bin/ld: CMakeFiles/cmTC_5690c.dir/src.c.o: in function `main':
src.c:(.text+0x46): undefined reference to `pthread_create'
/usr/bin/ld: src.c:(.text+0x52): undefined reference to `pthread_detach'
/usr/bin/ld: src.c:(.text+0x63): undefined reference to `pthread_join'
collect2: error: ld returned 1 exit status
make[1]: *** [CMakeFiles/cmTC_5690c.dir/build.make:87: cmTC_5690c] Error 1
make[1]: Leaving directory '/home/corso/ws_moveit/src/aruco_tracker/build/CMakeFiles/CMakeTmp'
make: *** [Makefile:121: cmTC_5690c/fast] Error 2


Source file was:
#include <pthread.h>

void* test_func(void* data)
{
  return data;
}

int main(void)
{
  pthread_t thread;
  pthread_create(&thread, NULL, test_func, NULL);
  pthread_detach(thread);
  pthread_join(thread, NULL);
  pthread_atfork(NULL, NULL, NULL);
  pthread_exit(NULL);

  return 0;
}

Determining if the function pthread_create exists in the pthreads failed with the following output:
Change Dir: /home/corso/ws_moveit/src/aruco_tracker/build/CMakeFiles/CMakeTmp

Run Build Command(s):/usr/bin/make cmTC_43aab/fast && /usr/bin/make -f CMakeFiles/cmTC_43aab.dir/build.make CMakeFiles/cmTC_43aab.dir/build
make[1]: Entering directory '/home/corso/ws_moveit/src/aruco_tracker/build/CMakeFiles/CMakeTmp'
Building C object CMakeFiles/cmTC_43aab.dir/CheckFunctionExists.c.o
/usr/bin/cc   -DCHECK_FUNCTION_EXISTS=pthread_create   -o CMakeFiles/cmTC_43aab.dir/CheckFunctionExists.c.o   -c /usr/share/cmake-3.16/Modules/CheckFunctionExists.c
Linking C executable cmTC_43aab
/usr/bin/cmake -E cmake_link_script CMakeFiles/cmTC_43aab.dir/link.txt --verbose=1
/usr/bin/cc  -DCHECK_FUNCTION_EXISTS=pthread_create    -rdynamic CMakeFiles/cmTC_43aab.dir/CheckFunctionExists.c.o  -o cmTC_43aab  -lpthreads 
/usr/bin/ld: cannot find -lpthreads
collect2: error: ld returned 1 exit status
make[1]: *** [CMakeFiles/cmTC_43aab.dir/build.make:87: cmTC_43aab] Error 1
make[1]: Leaving directory '/home/corso/ws_moveit/src/aruco_tracker/build/CMakeFiles/CMakeTmp'
make: *** [Makefile:121: cmTC_43aab/fast] Error 2



Performing C SOURCE FILE Test CMAKE_HAVE_LIBC_PTHREAD failed with the following output:
Change Dir: /home/corso/ws_moveit/src/aruco_tracker/build/CMakeFiles/CMakeTmp

Run Build Command(s):/usr/bin/make cmTC_77928/fast && /usr/bin/make -f CMakeFiles/cmTC_77928.dir/build.make CMakeFiles/cmTC_77928.dir/build
make[1]: Entering directory '/home/corso/ws_moveit/src/aruco_tracker/build/CMakeFiles/CMakeTmp'
Building C object CMakeFiles/cmTC_77928.dir/src.c.o
/usr/bin/cc   -DCMAKE_HAVE_LIBC_PTHREAD   -o CMakeFiles/cmTC_77928.dir/src.c.o   -c /home/corso/ws_moveit/src/aruco_tracker/build/CMakeFiles/CMakeTmp/src.c
Linking C executable cmTC_77928
/usr/bin/cmake -E cmake_link_script CMakeFiles/cmTC_77928.dir/link.txt --verbose=1
/usr/bin/cc  -DCMAKE_HAVE_LIBC_PTHREAD    -rdynamic CMakeFiles/cmTC_77928.dir/src.c.o  -o cmTC_77928 
/usr/bin/ld: CMakeFiles/cmTC_77928.dir/src.c.o: in function `main':
src.c:(.text+0x46): undefined reference to `pthread_create'
/usr/bin/ld: src.c:(.text+0x52): undefined reference to `pthread_detach'
/usr/bin/ld: src.c:(.text+0x63): undefined reference to `pthread_join'
collect2: error: ld returned 1 exit status
make[1]: *** [CMakeFiles/cmTC_77928.dir/build.make:87: cmTC_77928] Error 1
make[1]: Leaving directory '/home/corso/ws_moveit/src/aruco_tracker/build/CMakeFiles/CMakeTmp'
make: *** [Makefile:121: cmTC_77928/fast] Error 2


Source file was:
#include <pthread.h>

void* test_func(void* data)
{
  return data;
}

int main(void)
{
  pthread_t thread;
  pthread_create(&thread, NULL, test_func, NULL);
  pthread_detach(thread);
  pthread_join(thread, NULL);
  pthread_atfork(NULL, NULL, NULL);
  pthread_exit(NULL);

  return 0;
}

Determining if the function pthread_create exists in the pthreads failed with the following output:
Change Dir: /home/corso/ws_moveit/src/aruco_tracker/build/CMakeFiles/CMakeTmp

Run Build Command(s):/usr/bin/make cmTC_a994f/fast && /usr/bin/make -f CMakeFiles/cmTC_a994f.dir/build.make CMakeFiles/cmTC_a994f.dir/build
make[1]: Entering directory '/home/corso/ws_moveit/src/aruco_tracker/build/CMakeFiles/CMakeTmp'
Building C object CMakeFiles/cmTC_a994f.dir/CheckFunctionExists.c.o
/usr/bin/cc   -DCHECK_FUNCTION_EXISTS=pthread_create   -o CMakeFiles/cmTC_a994f.dir/CheckFunctionExists.c.o   -c /usr/share/cmake-3.16/Modules/CheckFunctionExists.c
Linking C executable cmTC_a994f
/usr/bin/cmake -E cmake_link_script CMakeFiles/cmTC_a994f.dir/link.txt --verbose=1
/usr/bin/cc  -DCHECK_FUNCTION_EXISTS=pthread_create    -rdynamic CMakeFiles/cmTC_a994f.dir/CheckFunctionExists.c.o  -o cmTC_a994f  -lpthreads 
/usr/bin/ld: cannot find -lpthreads
collect2: error: ld returned 1 exit status
make[1]: *** [CMakeFiles/cmTC_a994f.dir/build.make:87: cmTC_a994f] Error 1
make[1]: Leaving directory '/home/corso/ws_moveit/src/aruco_tracker/build/CMakeFiles/CMakeTmp'
make: *** [Makefile:121: cmTC_a994f/fast] Error 2



Performing C SOURCE FILE Test CMAKE_HAVE_LIBC_PTHREAD failed with the following output:
Change Dir: /home/corso/ws_moveit/src/aruco_tracker/build/CMakeFiles/CMakeTmp

Run Build Command(s):/usr/bin/make cmTC_b228b/fast && /usr/bin/make -f CMakeFiles/cmTC_b228b.dir/build.make CMakeFiles/cmTC_b228b.dir/build
make[1]: Entering directory '/home/corso/ws_moveit/src/aruco_tracker/build/CMakeFiles/CMakeTmp'
Building C object CMakeFiles/cmTC_b228b.dir/src.c.o
/usr/bin/cc   -DCMAKE_HAVE_LIBC_PTHREAD   -o CMakeFiles/cmTC_b228b.dir/src.c.o   -c /home/corso/ws_moveit/src/aruco_tracker/build/CMakeFiles/CMakeTmp/src.c
Linking C executable cmTC_b228b
/usr/bin/cmake -E cmake_link_script CMakeFiles/cmTC_b228b.dir/link.txt --verbose=1
/usr/bin/cc  -DCMAKE_HAVE_LIBC_PTHREAD    -rdynamic CMakeFiles/cmTC_b228b.dir/src.c.o  -o cmTC_b228b 
/usr/bin/ld: CMakeFiles/cmTC_b228b.dir/src.c.o: in function `main':
src.c:(.text+0x46): undefined reference to `pthread_create'
/usr/bin/ld: src.c:(.text+0x52): undefined reference to `pthread_detach'
/usr/bin/ld: src.c:(.text+0x63): undefined reference to `pthread_join'
collect2: error: ld returned 1 exit status
make[1]: *** [CMakeFiles/cmTC_b228b.dir/build.make:87: cmTC_b228b] Error 1
make[1]: Leaving directory '/home/corso/ws_moveit/src/aruco_tracker/build/CMakeFiles/CMakeTmp'
make: *** [Makefile:121: cmTC_b228b/fast] Error 2


Source file was:
#include <pthread.h>

void* test_func(void* data)
{
  return data;
}

int main(void)
{
  pthread_t thread;
  pthread_create(&thread, NULL, test_func, NULL);
  pthread_detach(thread);
  pthread_join(thread, NULL);
  pthread_atfork(NULL, NULL, NULL);
  pthread_exit(NULL);

  return 0;
}

Determining if the function pthread_create exists in the pthreads failed with the following output:
Change Dir: /home/corso/ws_moveit/src/aruco_tracker/build/CMakeFiles/CMakeTmp

Run Build Command(s):/usr/bin/make cmTC_797cc/fast && /usr/bin/make -f CMakeFiles/cmTC_797cc.dir/build.make CMakeFiles/cmTC_797cc.dir/build
make[1]: Entering directory '/home/corso/ws_moveit/src/aruco_tracker/build/CMakeFiles/CMakeTmp'
Building C object CMakeFiles/cmTC_797cc.dir/CheckFunctionExists.c.o
/usr/bin/cc   -DCHECK_FUNCTION_EXISTS=pthread_create   -o CMakeFiles/cmTC_797cc.dir/CheckFunctionExists.c.o   -c /usr/share/cmake-3.16/Modules/CheckFunctionExists.c
Linking C executable cmTC_797cc
/usr/bin/cmake -E cmake_link_script CMakeFiles/cmTC_797cc.dir/link.txt --verbose=1
/usr/bin/cc  -DCHECK_FUNCTION_EXISTS=pthread_create    -rdynamic CMakeFiles/cmTC_797cc.dir/CheckFunctionExists.c.o  -o cmTC_797cc  -lpthreads 
/usr/bin/ld: cannot find -lpthreads
collect2: error: ld returned 1 exit status
make[1]: *** [CMakeFiles/cmTC_797cc.dir/build.make:87: cmTC_797cc] Error 1
make[1]: Leaving directory '/home/corso/ws_moveit/src/aruco_tracker/build/CMakeFiles/CMakeTmp'
make: *** [Makefile:121: cmTC_797cc/fast] Error 2



Performing C SOURCE FILE Test CMAKE_HAVE_LIBC_PTHREAD failed with the following output:
Change Dir: /home/corso/ws_moveit/src/aruco_tracker/build/CMakeFiles/CMakeTmp

Run Build Command(s):/usr/bin/make cmTC_24b5a/fast && /usr/bin/make -f CMakeFiles/cmTC_24b5a.dir/build.make CMakeFiles/cmTC_24b5a.dir/build
make[1]: Entering directory '/home/corso/ws_moveit/src/aruco_tracker/build/CMakeFiles/CMakeTmp'
Building C object CMakeFiles/cmTC_24b5a.dir/src.c.o
/usr/bin/cc   -DCMAKE_HAVE_LIBC_PTHREAD   -o CMakeFiles/cmTC_24b5a.dir/src.c.o   -c /home/corso/ws_moveit/src/aruco_tracker/build/CMakeFiles/CMakeTmp/src.c
Linking C executable cmTC_24b5a
/usr/bin/cmake -E cmake_link_script CMakeFiles/cmTC_24b5a.dir/link.txt --verbose=1
/usr/bin/cc  -DCMAKE_HAVE_LIBC_PTHREAD    -rdynamic CMakeFiles/cmTC_24b5a.dir/src.c.o  -o cmTC_24b5a 
/usr/bin/ld: CMakeFiles/cmTC_24b5a.dir/src.c.o: in function `main':
src.c:(.text+0x46): undefined reference to `pthread_create'
/usr/bin/ld: src.c:(.text+0x52): undefined reference to `pthread_detach'
/usr/bin/ld: src.c:(.text+0x63): undefined reference to `pthread_join'
collect2: error: ld returned 1 exit status
make[1]: *** [CMakeFiles/cmTC_24b5a.dir/build.make:87: cmTC_24b5a] Error 1
make[1]: Leaving directory '/home/corso/ws_moveit/src/aruco_tracker/build/CMakeFiles/CMakeTmp'
make: *** [Makefile:121: cmTC_24b5a/fast] Error 2


Source file was:
#include <pthread.h>

void* test_func(void* data)
{
  return data;
}

int main(void)
{
  pthread_t thread;
  pthread_create(&thread, NULL, test_func, NULL);
  pthread_detach(thread);
  pthread_join(thread, NULL);
  pthread_atfork(NULL, NULL, NULL);
  pthread_exit(NULL);

  return 0;
}

Determining if the function pthread_create exists in the pthreads failed with the following output:
Change Dir: /home/corso/ws_moveit/src/aruco_tracker/build/CMakeFiles/CMakeTmp

Run Build Command(s):/usr/bin/make cmTC_71683/fast && /usr/bin/make -f CMakeFiles/cmTC_71683.dir/build.make CMakeFiles/cmTC_71683.dir/build
make[1]: Entering directory '/home/corso/ws_moveit/src/aruco_tracker/build/CMakeFiles/CMakeTmp'
Building C object CMakeFiles/cmTC_71683.dir/CheckFunctionExists.c.o
/usr/bin/cc   -DCHECK_FUNCTION_EXISTS=pthread_create   -o CMakeFiles/cmTC_71683.dir/CheckFunctionExists.c.o   -c /usr/share/cmake-3.16/Modules/CheckFunctionExists.c
Linking C executable cmTC_71683
/usr/bin/cmake -E cmake_link_script CMakeFiles/cmTC_71683.dir/link.txt --verbose=1
/usr/bin/cc  -DCHECK_FUNCTION_EXISTS=pthread_create    -rdynamic CMakeFiles/cmTC_71683.dir/CheckFunctionExists.c.o  -o cmTC_71683  -lpthreads 
/usr/bin/ld: cannot find -lpthreads
collect2: error: ld returned 1 exit status
make[1]: *** [CMakeFiles/cmTC_71683.dir/build.make:87: cmTC_71683] Error 1
make[1]: Leaving directory '/home/corso/ws_moveit/src/aruco_tracker/build/CMakeFiles/CMakeTmp'
make: *** [Makefile:121: cmTC_71683/fast] Error 2



Performing C SOURCE FILE Test CMAKE_HAVE_LIBC_PTHREAD failed with the following output:
Change Dir: /home/corso/ws_moveit/src/aruco_tracker/build/CMakeFiles/CMakeTmp

Run Build Command(s):/usr/bin/make cmTC_5ceda/fast && /usr/bin/make -f CMakeFiles/cmTC_5ceda.dir/build.make CMakeFiles/cmTC_5ceda.dir/build
make[1]: Entering directory '/home/corso/ws_moveit/src/aruco_tracker/build/CMakeFiles/CMakeTmp'
Building C object CMakeFiles/cmTC_5ceda.dir/src.c.o
/usr/bin/cc   -DCMAKE_HAVE_LIBC_PTHREAD   -o CMakeFiles/cmTC_5ceda.dir/src.c.o   -c /home/corso/ws_moveit/src/aruco_tracker/build/CMakeFiles/CMakeTmp/src.c
Linking C executable cmTC_5ceda
/usr/bin/cmake -E cmake_link_script CMakeFiles/cmTC_5ceda.dir/link.txt --verbose=1
/usr/bin/cc  -DCMAKE_HAVE_LIBC_PTHREAD    -rdynamic CMakeFiles/cmTC_5ceda.dir/src.c.o  -o cmTC_5ceda 
/usr/bin/ld: CMakeFiles/cmTC_5ceda.dir/src.c.o: in function `main':
src.c:(.text+0x46): undefined reference to `pthread_create'
/usr/bin/ld: src.c:(.text+0x52): undefined reference to `pthread_detach'
/usr/bin/ld: src.c:(.text+0x63): undefined reference to `pthread_join'
collect2: error: ld returned 1 exit status
make[1]: *** [CMakeFiles/cmTC_5ceda.dir/build.make:87: cmTC_5ceda] Error 1
make[1]: Leaving directory '/home/corso/ws_moveit/src/aruco_tracker/build/CMakeFiles/CMakeTmp'
make: *** [Makefile:121: cmTC_5ceda/fast] Error 2


Source file was:
#include <pthread.h>

void* test_func(void* data)
{
  return data;
}

int main(void)
{
  pthread_t thread;
  pthread_create(&thread, NULL, test_func, NULL);
  pthread_detach(thread);
  pthread_join(thread, NULL);
  pthread_atfork(NULL, NULL, NULL);
  pthread_exit(NULL);

  return 0;
}

Determining if the function pthread_create exists in the pthreads failed with the following output:
Change Dir: /home/corso/ws_moveit/src/aruco_tracker/build/CMakeFiles/CMakeTmp

Run Build Command(s):/usr/bin/make cmTC_20303/fast && /usr/bin/make -f CMakeFiles/cmTC_20303.dir/build.make CMakeFiles/cmTC_20303.dir/build
make[1]: Entering directory '/home/corso/ws_moveit/src/aruco_tracker/build/CMakeFiles/CMakeTmp'
Building C object CMakeFiles/cmTC_20303.dir/CheckFunctionExists.c.o
/usr/bin/cc   -DCHECK_FUNCTION_EXISTS=pthread_create   -o CMakeFiles/cmTC_20303.dir/CheckFunctionExists.c.o   -c /usr/share/cmake-3.16/Modules/CheckFunctionExists.c
Linking C executable cmTC_20303
/usr/bin/cmake -E cmake_link_script CMakeFiles/cmTC_20303.dir/link.txt --verbose=1
/usr/bin/cc  -DCHECK_FUNCTION_EXISTS=pthread_create    -rdynamic CMakeFiles/cmTC_20303.dir/CheckFunctionExists.c.o  -o cmTC_20303  -lpthreads 
/usr/bin/ld: cannot find -lpthreads
collect2: error: ld returned 1 exit status
make[1]: *** [CMakeFiles/cmTC_20303.dir/build.make:87: cmTC_20303] Error 1
make[1]: Leaving directory '/home/corso/ws_moveit/src/aruco_tracker/build/CMakeFiles/CMakeTmp'
make: *** [Makefile:121: cmTC_20303/fast] Error 2



Performing C SOURCE FILE Test CMAKE_HAVE_LIBC_PTHREAD failed with the following output:
Change Dir: /home/corso/ws_moveit/src/aruco_tracker/build/CMakeFiles/CMakeTmp

Run Build Command(s):/usr/bin/make cmTC_334c0/fast && /usr/bin/make -f CMakeFiles/cmTC_334c0.dir/build.make CMakeFiles/cmTC_334c0.dir/build
make[1]: Entering directory '/home/corso/ws_moveit/src/aruco_tracker/build/CMakeFiles/CMakeTmp'
Building C object CMakeFiles/cmTC_334c0.dir/src.c.o
/usr/bin/cc   -DCMAKE_HAVE_LIBC_PTHREAD   -o CMakeFiles/cmTC_334c0.dir/src.c.o   -c /home/corso/ws_moveit/src/aruco_tracker/build/CMakeFiles/CMakeTmp/src.c
Linking C executable cmTC_334c0
/usr/bin/cmake -E cmake_link_script CMakeFiles/cmTC_334c0.dir/link.txt --verbose=1
/usr/bin/cc  -DCMAKE_HAVE_LIBC_PTHREAD    -rdynamic CMakeFiles/cmTC_334c0.dir/src.c.o  -o cmTC_334c0 
/usr/bin/ld: CMakeFiles/cmTC_334c0.dir/src.c.o: in function `main':
src.c:(.text+0x46): undefined reference to `pthread_create'
/usr/bin/ld: src.c:(.text+0x52): undefined reference to `pthread_detach'
/usr/bin/ld: src.c:(.text+0x63): undefined reference to `pthread_join'
collect2: error: ld returned 1 exit status
make[1]: *** [CMakeFiles/cmTC_334c0.dir/build.make:87: cmTC_334c0] Error 1
make[1]: Leaving directory '/home/corso/ws_moveit/src/aruco_tracker/build/CMakeFiles/CMakeTmp'
make: *** [Makefile:121: cmTC_334c0/fast] Error 2


Source file was:
#include <pthread.h>

void* test_func(void* data)
{
  return data;
}

int main(void)
{
  pthread_t thread;
  pthread_create(&thread, NULL, test_func, NULL);
  pthread_detach(thread);
  pthread_join(thread, NULL);
  pthread_atfork(NULL, NULL, NULL);
  pthread_exit(NULL);

  return 0;
}

Determining if the function pthread_create exists in the pthreads failed with the following output:
Change Dir: /home/corso/ws_moveit/src/aruco_tracker/build/CMakeFiles/CMakeTmp

Run Build Command(s):/usr/bin/make cmTC_f936d/fast && /usr/bin/make -f CMakeFiles/cmTC_f936d.dir/build.make CMakeFiles/cmTC_f936d.dir/build
make[1]: Entering directory '/home/corso/ws_moveit/src/aruco_tracker/build/CMakeFiles/CMakeTmp'
Building C object CMakeFiles/cmTC_f936d.dir/CheckFunctionExists.c.o
/usr/bin/cc   -DCHECK_FUNCTION_EXISTS=pthread_create   -o CMakeFiles/cmTC_f936d.dir/CheckFunctionExists.c.o   -c /usr/share/cmake-3.16/Modules/CheckFunctionExists.c
Linking C executable cmTC_f936d
/usr/bin/cmake -E cmake_link_script CMakeFiles/cmTC_f936d.dir/link.txt --verbose=1
/usr/bin/cc  -DCHECK_FUNCTION_EXISTS=pthread_create    -rdynamic CMakeFiles/cmTC_f936d.dir/CheckFunctionExists.c.o  -o cmTC_f936d  -lpthreads 
/usr/bin/ld: cannot find -lpthreads
collect2: error: ld returned 1 exit status
make[1]: *** [CMakeFiles/cmTC_f936d.dir/build.make:87: cmTC_f936d] Error 1
make[1]: Leaving directory '/home/corso/ws_moveit/src/aruco_tracker/build/CMakeFiles/CMakeTmp'
make: *** [Makefile:121: cmTC_f936d/fast] Error 2



